<?xml version="1.0" encoding="UTF-8"?>
<testsuite xmlns:xsi="http://www.w3.org/2001/XMLSchema-instance" xsi:noNamespaceSchemaLocation="https://maven.apache.org/surefire/maven-surefire-plugin/xsd/surefire-test-report.xsd" version="3.0.2" name="com.hospitalfinder.backend.HospitalBookingBackendApplicationTests" time="6.916" tests="1" errors="0" skipped="0" failures="0">
  <properties>
[...]
</properties>
  <testcase name="contextLoads" classname="com.hospitalfinder.backend.HospitalBookingBackendApplicationTests" time="0.322">
    <system-out><![CDATA[23:54:12.434 [main] INFO org.springframework.test.context.support.AnnotationConfigContextLoaderUtils -- Could not detect default configuration classes for test class [com.hospitalfinder.backend.HospitalBookingBackendApplicationTests]: HospitalBookingBackendApplicationTests does not declare any static, non-private, non-final, nested classes annotated with @Configuration.
23:54:12.538 [main] INFO org.springframework.boot.test.context.SpringBootTestContextBootstrapper -- Found @SpringBootConfiguration com.hospitalfinder.backend.HospitalBookingBackendApplication for test class com.hospitalfinder.backend.HospitalBookingBackendApplicationTests
23:54:12.700 [main] INFO org.springframework.boot.devtools.restart.RestartApplicationListener -- Restart disabled due to context in which it is running

  .   ____          _            __ _ _
 /\\ / ___'_ __ _ _(_)_ __  __ _ \ \ \ \
( ( )\___ | '_ | '_| | '_ \/ _` | \ \ \ \
 \\/  ___)| |_)| | | | | || (_| |  ) ) ) )
  '  |____| .__|_| |_|_| |_\__, | / / / /
 =========|_|==============|___/=/_/_/_/

 :: Spring Boot ::                (v3.4.5)

2025-05-26T23:54:13.009+05:30  INFO 22160 --- [hospital-booking-backend] [           main] b.HospitalBookingBackendApplicationTests : Starting HospitalBookingBackendApplicationTests using Java 21.0.6 with PID 22160 (started by Asus in C:\Users\Asus\Desktop\hospico\backend\backend)
2025-05-26T23:54:13.009+05:30  INFO 22160 --- [hospital-booking-backend] [           main] b.HospitalBookingBackendApplicationTests : No active profile set, falling back to 1 default profile: "default"
2025-05-26T23:54:13.009+05:30 DEBUG 22160 --- [hospital-booking-backend] [           main] o.s.boot.SpringApplication               : Loading source class com.hospitalfinder.backend.HospitalBookingBackendApplication
2025-05-26T23:54:13.037+05:30 DEBUG 22160 --- [hospital-booking-backend] [           main] o.s.w.c.s.GenericWebApplicationContext   : Refreshing org.springframework.web.context.support.GenericWebApplicationContext@433e536f
2025-05-26T23:54:13.054+05:30 DEBUG 22160 --- [hospital-booking-backend] [           main] o.s.b.f.s.DefaultListableBeanFactory     : Creating shared instance of singleton bean 'org.springframework.context.annotation.internalConfigurationAnnotationProcessor'
2025-05-26T23:54:13.072+05:30 DEBUG 22160 --- [hospital-booking-backend] [           main] o.s.b.f.s.DefaultListableBeanFactory     : Creating shared instance of singleton bean 'org.springframework.boot.autoconfigure.internalCachingMetadataReaderFactory'
2025-05-26T23:54:13.114+05:30 DEBUG 22160 --- [hospital-booking-backend] [           main] o.s.c.a.ClassPathBeanDefinitionScanner   : Identified candidate component class: file [C:\Users\Asus\Desktop\hospico\backend\backend\target\classes\com\hospitalfinder\backend\config\DataSeeder.class]
2025-05-26T23:54:13.116+05:30 DEBUG 22160 --- [hospital-booking-backend] [           main] o.s.c.a.ClassPathBeanDefinitionScanner   : Identified candidate component class: file [C:\Users\Asus\Desktop\hospico\backend\backend\target\classes\com\hospitalfinder\backend\config\SecurityConfig.class]
2025-05-26T23:54:13.122+05:30 DEBUG 22160 --- [hospital-booking-backend] [           main] o.s.c.a.ClassPathBeanDefinitionScanner   : Identified candidate component class: file [C:\Users\Asus\Desktop\hospico\backend\backend\target\classes\com\hospitalfinder\backend\controller\AppointmentController.class]
2025-05-26T23:54:13.122+05:30 DEBUG 22160 --- [hospital-booking-backend] [           main] o.s.c.a.ClassPathBeanDefinitionScanner   : Identified candidate component class: file [C:\Users\Asus\Desktop\hospico\backend\backend\target\classes\com\hospitalfinder\backend\controller\AuthController.class]
2025-05-26T23:54:13.132+05:30 DEBUG 22160 --- [hospital-booking-backend] [           main] o.s.c.a.ClassPathBeanDefinitionScanner   : Identified candidate component class: file [C:\Users\Asus\Desktop\hospico\backend\backend\target\classes\com\hospitalfinder\backend\controller\ClinicController.class]
2025-05-26T23:54:13.132+05:30 DEBUG 22160 --- [hospital-booking-backend] [           main] o.s.c.a.ClassPathBeanDefinitionScanner   : Identified candidate component class: file [C:\Users\Asus\Desktop\hospico\backend\backend\target\classes\com\hospitalfinder\backend\controller\SpecializationController.class]
2025-05-26T23:54:13.132+05:30 DEBUG 22160 --- [hospital-booking-backend] [           main] o.s.c.a.ClassPathBeanDefinitionScanner   : Identified candidate component class: file [C:\Users\Asus\Desktop\hospico\backend\backend\target\classes\com\hospitalfinder\backend\controller\TestController.class]
2025-05-26T23:54:13.142+05:30 DEBUG 22160 --- [hospital-booking-backend] [           main] o.s.c.a.ClassPathBeanDefinitionScanner   : Identified candidate component class: file [C:\Users\Asus\Desktop\hospico\backend\backend\target\classes\com\hospitalfinder\backend\exception\GlobalExceptionHandler.class]
2025-05-26T23:54:13.142+05:30 DEBUG 22160 --- [hospital-booking-backend] [           main] o.s.c.a.ClassPathBeanDefinitionScanner   : Identified candidate component class: file [C:\Users\Asus\Desktop\hospico\backend\backend\target\classes\com\hospitalfinder\backend\service\AppointmentService.class]
2025-05-26T23:54:13.142+05:30 DEBUG 22160 --- [hospital-booking-backend] [           main] o.s.c.a.ClassPathBeanDefinitionScanner   : Identified candidate component class: file [C:\Users\Asus\Desktop\hospico\backend\backend\target\classes\com\hospitalfinder\backend\service\ClinicService.class]
2025-05-26T23:54:13.872+05:30  INFO 22160 --- [hospital-booking-backend] [           main] .s.d.r.c.RepositoryConfigurationDelegate : Bootstrapping Spring Data JPA repositories in DEFAULT mode.
2025-05-26T23:54:13.892+05:30 DEBUG 22160 --- [hospital-booking-backend] [           main] o.s.b.f.s.DefaultListableBeanFactory     : Creating shared instance of singleton bean 'org.springframework.boot.autoconfigure.AutoConfigurationPackages'
2025-05-26T23:54:13.903+05:30 DEBUG 22160 --- [hospital-booking-backend] [           main] o.s.b.a.AutoConfigurationPackages        : @EnableAutoConfiguration was declared on a class in the package 'com.hospitalfinder.backend'. Automatic @Repository and @Entity scanning is enabled.
2025-05-26T23:54:13.903+05:30 DEBUG 22160 --- [hospital-booking-backend] [           main] .s.d.r.c.RepositoryConfigurationDelegate : Scanning for JPA repositories in packages com.hospitalfinder.backend.
2025-05-26T23:54:13.913+05:30 DEBUG 22160 --- [hospital-booking-backend] [           main] o.s.d.r.c.RepositoryComponentProvider    : Identified candidate component class: file [C:\Users\Asus\Desktop\hospico\backend\backend\target\classes\com\hospitalfinder\backend\repository\AppointmentRepository.class]
2025-05-26T23:54:13.923+05:30 DEBUG 22160 --- [hospital-booking-backend] [           main] o.s.d.r.c.RepositoryComponentProvider    : Identified candidate component class: file [C:\Users\Asus\Desktop\hospico\backend\backend\target\classes\com\hospitalfinder\backend\repository\ClinicRepository.class]
2025-05-26T23:54:13.923+05:30 DEBUG 22160 --- [hospital-booking-backend] [           main] o.s.d.r.c.RepositoryComponentProvider    : Identified candidate component class: file [C:\Users\Asus\Desktop\hospico\backend\backend\target\classes\com\hospitalfinder\backend\repository\SpecializationRepository.class]
2025-05-26T23:54:13.923+05:30 DEBUG 22160 --- [hospital-booking-backend] [           main] o.s.d.r.c.RepositoryComponentProvider    : Identified candidate component class: file [C:\Users\Asus\Desktop\hospico\backend\backend\target\classes\com\hospitalfinder\backend\repository\UserRepository.class]
2025-05-26T23:54:13.953+05:30  INFO 22160 --- [hospital-booking-backend] [           main] .s.d.r.c.RepositoryConfigurationDelegate : Finished Spring Data repository scanning in 46 ms. Found 4 JPA repository interfaces.
2025-05-26T23:54:14.072+05:30 DEBUG 22160 --- [hospital-booking-backend] [           main] o.s.b.f.s.DefaultListableBeanFactory     : Creating shared instance of singleton bean 'springSecurityHandlerMappingIntrospectorBeanDefinitionRegistryPostProcessor'
2025-05-26T23:54:14.147+05:30 DEBUG 22160 --- [hospital-booking-backend] [           main] o.s.b.f.s.DefaultListableBeanFactory     : Creating shared instance of singleton bean 'propertySourcesPlaceholderConfigurer'
2025-05-26T23:54:14.157+05:30 DEBUG 22160 --- [hospital-booking-backend] [           main] o.s.b.f.s.DefaultListableBeanFactory     : Creating shared instance of singleton bean 'org.springframework.boot.test.mock.mockito.MockitoPostProcessor'
2025-05-26T23:54:14.157+05:30 DEBUG 22160 --- [hospital-booking-backend] [           main] o.s.b.f.s.DefaultListableBeanFactory     : Creating shared instance of singleton bean 'emBeanDefinitionRegistrarPostProcessor'
2025-05-26T23:54:14.157+05:30 DEBUG 22160 --- [hospital-booking-backend] [           main] o.s.b.f.s.DefaultListableBeanFactory     : Creating shared instance of singleton bean 'org.springframework.boot.sql.init.dependency.DatabaseInitializationDependencyConfigurer$DependsOnDatabaseInitializationPostProcessor'
2025-05-26T23:54:14.208+05:30 DEBUG 22160 --- [hospital-booking-backend] [           main] o.s.b.f.s.DefaultListableBeanFactory     : Creating shared instance of singleton bean 'org.springframework.context.event.internalEventListenerProcessor'
2025-05-26T23:54:14.208+05:30 DEBUG 22160 --- [hospital-booking-backend] [           main] o.s.b.f.s.DefaultListableBeanFactory     : Creating shared instance of singleton bean 'preserveErrorControllerTargetClassPostProcessor'
2025-05-26T23:54:14.208+05:30 DEBUG 22160 --- [hospital-booking-backend] [           main] o.s.b.f.s.DefaultListableBeanFactory     : Creating shared instance of singleton bean 'conversionServicePostProcessor'
2025-05-26T23:54:14.219+05:30 DEBUG 22160 --- [hospital-booking-backend] [           main] o.s.b.f.s.DefaultListableBeanFactory     : Creating shared instance of singleton bean 'org.springframework.context.event.internalEventListenerFactory'
2025-05-26T23:54:14.219+05:30 DEBUG 22160 --- [hospital-booking-backend] [           main] o.s.b.f.s.DefaultListableBeanFactory     : Creating shared instance of singleton bean 'org.springframework.transaction.config.internalTransactionalEventListenerFactory'
2025-05-26T23:54:14.229+05:30 DEBUG 22160 --- [hospital-booking-backend] [           main] o.s.b.f.s.DefaultListableBeanFactory     : Creating shared instance of singleton bean 'org.springframework.boot.test.mock.mockito.MockitoPostProcessor$SpyPostProcessor'
2025-05-26T23:54:14.239+05:30 DEBUG 22160 --- [hospital-booking-backend] [           main] o.s.b.f.s.DefaultListableBeanFactory     : Creating shared instance of singleton bean 'org.springframework.context.annotation.internalAutowiredAnnotationProcessor'
2025-05-26T23:54:14.239+05:30 DEBUG 22160 --- [hospital-booking-backend] [           main] o.s.b.f.s.DefaultListableBeanFactory     : Creating shared instance of singleton bean 'org.springframework.context.annotation.internalCommonAnnotationProcessor'
2025-05-26T23:54:14.239+05:30 DEBUG 22160 --- [hospital-booking-backend] [           main] o.s.b.f.s.DefaultListableBeanFactory     : Creating shared instance of singleton bean 'org.springframework.context.annotation.internalPersistenceAnnotationProcessor'
2025-05-26T23:54:14.239+05:30 DEBUG 22160 --- [hospital-booking-backend] [           main] o.s.b.f.s.DefaultListableBeanFactory     : Creating shared instance of singleton bean 'org.springframework.boot.context.properties.ConfigurationPropertiesBindingPostProcessor'
2025-05-26T23:54:14.239+05:30 DEBUG 22160 --- [hospital-booking-backend] [           main] o.s.b.f.s.DefaultListableBeanFactory     : Creating shared instance of singleton bean 'org.springframework.boot.context.internalConfigurationPropertiesBinder'
2025-05-26T23:54:14.245+05:30 DEBUG 22160 --- [hospital-booking-backend] [           main] o.s.b.f.s.DefaultListableBeanFactory     : Creating shared instance of singleton bean 'jdbcConnectionDetailsHikariBeanPostProcessor'
2025-05-26T23:54:14.249+05:30 DEBUG 22160 --- [hospital-booking-backend] [           main] o.s.b.f.s.DefaultListableBeanFactory     : Creating shared instance of singleton bean 'methodValidationPostProcessor'
2025-05-26T23:54:14.249+05:30 DEBUG 22160 --- [hospital-booking-backend] [           main] o.s.b.f.s.DefaultListableBeanFactory     : Autowiring by type from bean name 'methodValidationPostProcessor' via factory method to bean named 'environment'
2025-05-26T23:54:14.272+05:30 DEBUG 22160 --- [hospital-booking-backend] [           main] o.s.b.f.s.DefaultListableBeanFactory     : Creating shared instance of singleton bean 'org.springframework.boot.context.properties.EnableConfigurationPropertiesRegistrar.methodValidationExcludeFilter'
2025-05-26T23:54:14.290+05:30 DEBUG 22160 --- [hospital-booking-backend] [           main] o.s.b.f.s.DefaultListableBeanFactory     : Creating shared instance of singleton bean 'org.springframework.aop.config.internalAutoProxyCreator'
2025-05-26T23:54:14.301+05:30 DEBUG 22160 --- [hospital-booking-backend] [           main] o.s.b.f.s.DefaultListableBeanFactory     : Creating shared instance of singleton bean 'persistenceExceptionTranslationPostProcessor'
2025-05-26T23:54:14.301+05:30 DEBUG 22160 --- [hospital-booking-backend] [           main] o.s.b.f.s.DefaultListableBeanFactory     : Autowiring by type from bean name 'persistenceExceptionTranslationPostProcessor' via factory method to bean named 'environment'
2025-05-26T23:54:14.301+05:30 DEBUG 22160 --- [hospital-booking-backend] [           main] o.s.b.f.s.DefaultListableBeanFactory     : Creating shared instance of singleton bean 'webServerFactoryCustomizerBeanPostProcessor'
2025-05-26T23:54:14.301+05:30 DEBUG 22160 --- [hospital-booking-backend] [           main] o.s.b.f.s.DefaultListableBeanFactory     : Creating shared instance of singleton bean 'errorPageRegistrarBeanPostProcessor'
2025-05-26T23:54:14.301+05:30 DEBUG 22160 --- [hospital-booking-backend] [           main] o.s.b.f.s.DefaultListableBeanFactory     : Creating shared instance of singleton bean 'projectingArgumentResolverBeanPostProcessor'
2025-05-26T23:54:14.311+05:30 DEBUG 22160 --- [hospital-booking-backend] [           main] o.s.b.f.s.DefaultListableBeanFactory     : Creating shared instance of singleton bean 'org.springframework.transaction.config.internalTransactionAdvisor'
2025-05-26T23:54:14.311+05:30 DEBUG 22160 --- [hospital-booking-backend] [           main] o.s.b.f.s.DefaultListableBeanFactory     : Creating shared instance of singleton bean 'org.springframework.transaction.annotation.ProxyTransactionManagementConfiguration'
2025-05-26T23:54:14.321+05:30 DEBUG 22160 --- [hospital-booking-backend] [           main] o.s.b.f.s.DefaultListableBeanFactory     : Creating shared instance of singleton bean 'transactionAttributeSource'
2025-05-26T23:54:14.321+05:30 DEBUG 22160 --- [hospital-booking-backend] [           main] o.s.b.f.s.DefaultListableBeanFactory     : Creating shared instance of singleton bean 'transactionInterceptor'
2025-05-26T23:54:14.321+05:30 DEBUG 22160 --- [hospital-booking-backend] [           main] o.s.b.f.s.DefaultListableBeanFactory     : Autowiring by type from bean name 'transactionInterceptor' via factory method to bean named 'transactionAttributeSource'
2025-05-26T23:54:14.328+05:30 DEBUG 22160 --- [hospital-booking-backend] [           main] o.s.b.f.s.DefaultListableBeanFactory     : Autowiring by type from bean name 'org.springframework.transaction.config.internalTransactionAdvisor' via factory method to bean named 'transactionAttributeSource'
2025-05-26T23:54:14.328+05:30 DEBUG 22160 --- [hospital-booking-backend] [           main] o.s.b.f.s.DefaultListableBeanFactory     : Autowiring by type from bean name 'org.springframework.transaction.config.internalTransactionAdvisor' via factory method to bean named 'transactionInterceptor'
2025-05-26T23:54:14.349+05:30 DEBUG 22160 --- [hospital-booking-backend] [           main] o.s.u.c.s.UiApplicationContextUtils      : Unable to locate ThemeSource with name 'themeSource': using default [org.springframework.ui.context.support.ResourceBundleThemeSource@27b337bb]
2025-05-26T23:54:14.352+05:30 DEBUG 22160 --- [hospital-booking-backend] [           main] o.s.b.f.s.DefaultListableBeanFactory     : Creating shared instance of singleton bean 'org.springframework.test.context.support.internalDynamicPropertyRegistrarBeanInitializer'
2025-05-26T23:54:14.352+05:30 DEBUG 22160 --- [hospital-booking-backend] [           main] o.s.b.f.s.DefaultListableBeanFactory     : Creating shared instance of singleton bean 'dataSourceScriptDatabaseInitializer'
2025-05-26T23:54:14.352+05:30 DEBUG 22160 --- [hospital-booking-backend] [           main] o.s.b.f.s.DefaultListableBeanFactory     : Creating shared instance of singleton bean 'org.springframework.boot.autoconfigure.sql.init.DataSourceInitializationConfiguration'
2025-05-26T23:54:14.352+05:30 DEBUG 22160 --- [hospital-booking-backend] [           main] o.s.b.f.s.DefaultListableBeanFactory     : Creating shared instance of singleton bean 'dataSource'
2025-05-26T23:54:14.352+05:30 DEBUG 22160 --- [hospital-booking-backend] [           main] o.s.b.f.s.DefaultListableBeanFactory     : Creating shared instance of singleton bean 'org.springframework.boot.autoconfigure.jdbc.DataSourceConfiguration$Hikari'
2025-05-26T23:54:14.352+05:30 DEBUG 22160 --- [hospital-booking-backend] [           main] o.s.b.f.s.DefaultListableBeanFactory     : Creating shared instance of singleton bean 'spring.datasource-org.springframework.boot.autoconfigure.jdbc.DataSourceProperties'
2025-05-26T23:54:14.352+05:30 DEBUG 22160 --- [hospital-booking-backend] [           main] o.s.b.f.s.DefaultListableBeanFactory     : Creating shared instance of singleton bean 'org.springframework.boot.context.properties.BoundConfigurationProperties'
2025-05-26T23:54:14.378+05:30 DEBUG 22160 --- [hospital-booking-backend] [           main] o.s.b.f.s.DefaultListableBeanFactory     : Creating shared instance of singleton bean 'jdbcConnectionDetails'
2025-05-26T23:54:14.378+05:30 DEBUG 22160 --- [hospital-booking-backend] [           main] o.s.b.f.s.DefaultListableBeanFactory     : Creating shared instance of singleton bean 'org.springframework.boot.autoconfigure.jdbc.DataSourceAutoConfiguration$PooledDataSourceConfiguration'
2025-05-26T23:54:14.378+05:30 DEBUG 22160 --- [hospital-booking-backend] [           main] o.s.b.f.s.DefaultListableBeanFactory     : Autowiring by type from bean name 'jdbcConnectionDetails' via factory method to bean named 'spring.datasource-org.springframework.boot.autoconfigure.jdbc.DataSourceProperties'
2025-05-26T23:54:14.383+05:30 DEBUG 22160 --- [hospital-booking-backend] [           main] o.s.b.f.s.DefaultListableBeanFactory     : Autowiring by type from bean name 'dataSource' via factory method to bean named 'spring.datasource-org.springframework.boot.autoconfigure.jdbc.DataSourceProperties'
2025-05-26T23:54:14.383+05:30 DEBUG 22160 --- [hospital-booking-backend] [           main] o.s.b.f.s.DefaultListableBeanFactory     : Autowiring by type from bean name 'dataSource' via factory method to bean named 'jdbcConnectionDetails'
2025-05-26T23:54:14.383+05:30 DEBUG 22160 --- [hospital-booking-backend] [           main] o.s.b.f.s.DefaultListableBeanFactory     : Autowiring by type from bean name 'dataSource' via factory method to bean named 'environment'
2025-05-26T23:54:14.413+05:30 DEBUG 22160 --- [hospital-booking-backend] [           main] o.s.b.f.s.DefaultListableBeanFactory     : Creating shared instance of singleton bean 'spring.sql.init-org.springframework.boot.autoconfigure.sql.init.SqlInitializationProperties'
2025-05-26T23:54:14.413+05:30 DEBUG 22160 --- [hospital-booking-backend] [           main] o.s.b.f.s.DefaultListableBeanFactory     : Autowiring by type from bean name 'dataSourceScriptDatabaseInitializer' via factory method to bean named 'dataSource'
2025-05-26T23:54:14.413+05:30 DEBUG 22160 --- [hospital-booking-backend] [           main] o.s.b.f.s.DefaultListableBeanFactory     : Autowiring by type from bean name 'dataSourceScriptDatabaseInitializer' via factory method to bean named 'spring.sql.init-org.springframework.boot.autoconfigure.sql.init.SqlInitializationProperties'
2025-05-26T23:54:14.423+05:30 DEBUG 22160 --- [hospital-booking-backend] [           main] o.s.b.f.s.DefaultListableBeanFactory     : Creating shared instance of singleton bean 'entityManagerFactory'
2025-05-26T23:54:14.423+05:30 DEBUG 22160 --- [hospital-booking-backend] [           main] o.s.b.f.s.DefaultListableBeanFactory     : Creating shared instance of singleton bean 'org.springframework.boot.autoconfigure.orm.jpa.HibernateJpaConfiguration'
2025-05-26T23:54:14.423+05:30 DEBUG 22160 --- [hospital-booking-backend] [           main] o.s.b.f.s.DefaultListableBeanFactory     : Creating shared instance of singleton bean 'spring.jpa-org.springframework.boot.autoconfigure.orm.jpa.JpaProperties'
2025-05-26T23:54:14.433+05:30 DEBUG 22160 --- [hospital-booking-backend] [           main] o.s.b.f.s.DefaultListableBeanFactory     : Creating shared instance of singleton bean 'spring.jpa.hibernate-org.springframework.boot.autoconfigure.orm.jpa.HibernateProperties'
2025-05-26T23:54:14.433+05:30 DEBUG 22160 --- [hospital-booking-backend] [           main] o.s.b.f.s.DefaultListableBeanFactory     : Autowiring by type from bean name 'org.springframework.boot.autoconfigure.orm.jpa.HibernateJpaConfiguration' via constructor to bean named 'dataSource'
2025-05-26T23:54:14.433+05:30 DEBUG 22160 --- [hospital-booking-backend] [           main] o.s.b.f.s.DefaultListableBeanFactory     : Autowiring by type from bean name 'org.springframework.boot.autoconfigure.orm.jpa.HibernateJpaConfiguration' via constructor to bean named 'spring.jpa-org.springframework.boot.autoconfigure.orm.jpa.JpaProperties'
2025-05-26T23:54:14.433+05:30 DEBUG 22160 --- [hospital-booking-backend] [           main] o.s.b.f.s.DefaultListableBeanFactory     : Autowiring by type from bean name 'org.springframework.boot.autoconfigure.orm.jpa.HibernateJpaConfiguration' via constructor to bean named 'org.springframework.beans.factory.support.DefaultListableBeanFactory@1ecfcbc9'
2025-05-26T23:54:14.433+05:30 DEBUG 22160 --- [hospital-booking-backend] [           main] o.s.b.f.s.DefaultListableBeanFactory     : Autowiring by type from bean name 'org.springframework.boot.autoconfigure.orm.jpa.HibernateJpaConfiguration' via constructor to bean named 'spring.jpa.hibernate-org.springframework.boot.autoconfigure.orm.jpa.HibernateProperties'
2025-05-26T23:54:14.433+05:30 DEBUG 22160 --- [hospital-booking-backend] [           main] o.s.b.f.s.DefaultListableBeanFactory     : Creating shared instance of singleton bean 'hikariPoolDataSourceMetadataProvider'
2025-05-26T23:54:14.433+05:30 DEBUG 22160 --- [hospital-booking-backend] [           main] o.s.b.f.s.DefaultListableBeanFactory     : Creating shared instance of singleton bean 'org.springframework.boot.autoconfigure.jdbc.metadata.DataSourcePoolMetadataProvidersConfiguration$HikariPoolDataSourceMetadataProviderConfiguration'
2025-05-26T23:54:14.444+05:30 DEBUG 22160 --- [hospital-booking-backend] [           main] o.s.b.f.s.DefaultListableBeanFactory     : Creating shared instance of singleton bean 'entityManagerFactoryBuilder'
2025-05-26T23:54:14.444+05:30 DEBUG 22160 --- [hospital-booking-backend] [           main] o.s.b.f.s.DefaultListableBeanFactory     : Creating shared instance of singleton bean 'jpaVendorAdapter'
2025-05-26T23:54:14.464+05:30 DEBUG 22160 --- [hospital-booking-backend] [           main] o.s.b.f.s.DefaultListableBeanFactory     : Autowiring by type from bean name 'entityManagerFactoryBuilder' via factory method to bean named 'jpaVendorAdapter'
2025-05-26T23:54:14.472+05:30 DEBUG 22160 --- [hospital-booking-backend] [           main] o.s.b.f.s.DefaultListableBeanFactory     : Creating shared instance of singleton bean 'persistenceManagedTypes'
2025-05-26T23:54:14.475+05:30 DEBUG 22160 --- [hospital-booking-backend] [           main] o.s.b.f.s.DefaultListableBeanFactory     : Autowiring by type from bean name 'persistenceManagedTypes' via factory method to bean named 'org.springframework.beans.factory.support.DefaultListableBeanFactory@1ecfcbc9'
2025-05-26T23:54:14.475+05:30 DEBUG 22160 --- [hospital-booking-backend] [           main] o.s.b.f.s.DefaultListableBeanFactory     : Autowiring by type from bean name 'persistenceManagedTypes' via factory method to bean named 'org.springframework.web.context.support.GenericWebApplicationContext@433e536f'
2025-05-26T23:54:14.485+05:30 DEBUG 22160 --- [hospital-booking-backend] [           main] o.s.b.f.s.DefaultListableBeanFactory     : Autowiring by type from bean name 'entityManagerFactory' via factory method to bean named 'entityManagerFactoryBuilder'
2025-05-26T23:54:14.485+05:30 DEBUG 22160 --- [hospital-booking-backend] [           main] o.s.b.f.s.DefaultListableBeanFactory     : Autowiring by type from bean name 'entityManagerFactory' via factory method to bean named 'persistenceManagedTypes'
2025-05-26T23:54:14.525+05:30 DEBUG 22160 --- [hospital-booking-backend] [           main] j.LocalContainerEntityManagerFactoryBean : Building JPA container EntityManagerFactory for persistence unit 'default'
2025-05-26T23:54:14.607+05:30  INFO 22160 --- [hospital-booking-backend] [           main] o.hibernate.jpa.internal.util.LogHelper  : HHH000204: Processing PersistenceUnitInfo [name: default]
2025-05-26T23:54:14.689+05:30  INFO 22160 --- [hospital-booking-backend] [           main] org.hibernate.Version                    : HHH000412: Hibernate ORM core version 6.6.13.Final
2025-05-26T23:54:14.720+05:30  INFO 22160 --- [hospital-booking-backend] [           main] o.h.c.internal.RegionFactoryInitiator    : HHH000026: Second-level cache disabled
2025-05-26T23:54:15.078+05:30  INFO 22160 --- [hospital-booking-backend] [           main] o.s.o.j.p.SpringPersistenceUnitInfo      : No LoadTimeWeaver setup: ignoring JPA class transformer
2025-05-26T23:54:15.108+05:30  INFO 22160 --- [hospital-booking-backend] [           main] com.zaxxer.hikari.HikariDataSource       : HikariPool-1 - Starting...
2025-05-26T23:54:15.262+05:30  INFO 22160 --- [hospital-booking-backend] [           main] com.zaxxer.hikari.pool.HikariPool        : HikariPool-1 - Added connection org.postgresql.jdbc.PgConnection@d7055be
2025-05-26T23:54:15.262+05:30  INFO 22160 --- [hospital-booking-backend] [           main] com.zaxxer.hikari.HikariDataSource       : HikariPool-1 - Start completed.
2025-05-26T23:54:15.334+05:30  INFO 22160 --- [hospital-booking-backend] [           main] org.hibernate.orm.connections.pooling    : HHH10001005: Database info:
	Database JDBC URL [Connecting through datasource 'HikariDataSource (HikariPool-1)']
	Database driver: undefined/unknown
	Database version: 16.9
	Autocommit mode: undefined/unknown
	Isolation level: undefined/unknown
	Minimum pool size: undefined/unknown
	Maximum pool size: undefined/unknown
2025-05-26T23:54:16.291+05:30  INFO 22160 --- [hospital-booking-backend] [           main] o.h.e.t.j.p.i.JtaPlatformInitiator       : HHH000489: No JTA platform available (set 'hibernate.transaction.jta.platform' to enable JTA platform integration)
2025-05-26T23:54:16.445+05:30  INFO 22160 --- [hospital-booking-backend] [           main] j.LocalContainerEntityManagerFactoryBean : Initialized JPA EntityManagerFactory for persistence unit 'default'
2025-05-26T23:54:16.445+05:30 DEBUG 22160 --- [hospital-booking-backend] [           main] o.s.b.f.s.DefaultListableBeanFactory     : Creating shared instance of singleton bean 'hospitalBookingBackendApplication'
2025-05-26T23:54:16.455+05:30 DEBUG 22160 --- [hospital-booking-backend] [           main] o.s.b.f.s.DefaultListableBeanFactory     : Creating shared instance of singleton bean 'dataSeeder'
2025-05-26T23:54:16.455+05:30 DEBUG 22160 --- [hospital-booking-backend] [           main] o.s.b.f.s.DefaultListableBeanFactory     : Creating shared instance of singleton bean 'securityConfig'
2025-05-26T23:54:16.455+05:30 DEBUG 22160 --- [hospital-booking-backend] [           main] o.s.b.f.s.DefaultListableBeanFactory     : Creating shared instance of singleton bean 'appointmentController'
2025-05-26T23:54:16.455+05:30 DEBUG 22160 --- [hospital-booking-backend] [           main] o.s.b.f.s.DefaultListableBeanFactory     : Creating shared instance of singleton bean 'appointmentService'
2025-05-26T23:54:16.455+05:30 DEBUG 22160 --- [hospital-booking-backend] [           main] o.s.b.f.s.DefaultListableBeanFactory     : Creating shared instance of singleton bean 'appointmentRepository'
2025-05-26T23:54:16.465+05:30 DEBUG 22160 --- [hospital-booking-backend] [           main] o.s.b.f.s.DefaultListableBeanFactory     : Creating shared instance of singleton bean 'jpa.named-queries#0'
2025-05-26T23:54:16.465+05:30 DEBUG 22160 --- [hospital-booking-backend] [           main] o.s.b.f.s.DefaultListableBeanFactory     : Creating shared instance of singleton bean 'jpa.AppointmentRepository.fragments#0'
2025-05-26T23:54:16.465+05:30 DEBUG 22160 --- [hospital-booking-backend] [           main] o.s.b.f.s.DefaultListableBeanFactory     : Creating shared instance of singleton bean 'jpaSharedEM_entityManagerFactory'
2025-05-26T23:54:16.495+05:30 DEBUG 22160 --- [hospital-booking-backend] [           main] o.s.b.f.s.DefaultListableBeanFactory     : Creating shared instance of singleton bean 'jpaMappingContext'
2025-05-26T23:54:16.495+05:30 DEBUG 22160 --- [hospital-booking-backend] [           main] .c.JpaMetamodelMappingContextFactoryBean : Initializing JpaMetamodelMappingContext…
2025-05-26T23:54:16.506+05:30 DEBUG 22160 --- [hospital-booking-backend] [           main] .c.JpaMetamodelMappingContextFactoryBean : Finished initializing JpaMetamodelMappingContext
2025-05-26T23:54:16.536+05:30 DEBUG 22160 --- [hospital-booking-backend] [           main] tor$SharedEntityManagerInvocationHandler : Creating new EntityManager for shared EntityManager invocation
2025-05-26T23:54:16.568+05:30 DEBUG 22160 --- [hospital-booking-backend] [           main] tor$SharedEntityManagerInvocationHandler : Creating new EntityManager for shared EntityManager invocation
2025-05-26T23:54:16.618+05:30 DEBUG 22160 --- [hospital-booking-backend] [           main] o.s.d.r.c.s.RepositoryFactorySupport     : Initializing repository instance for com.hospitalfinder.backend.repository.AppointmentRepository…
2025-05-26T23:54:16.631+05:30 DEBUG 22160 --- [hospital-booking-backend] [           main] tor$SharedEntityManagerInvocationHandler : Creating new EntityManager for shared EntityManager invocation
2025-05-26T23:54:16.667+05:30 DEBUG 22160 --- [hospital-booking-backend] [           main] o.s.d.jpa.repository.query.NamedQuery    : Looking up named query 'Appointment.existsByUserIdAndClinicIdAndAppointmentTime'
2025-05-26T23:54:16.670+05:30 DEBUG 22160 --- [hospital-booking-backend] [           main] o.s.d.jpa.repository.query.NamedQuery    : Did not find named query Appointment.existsByUserIdAndClinicIdAndAppointmentTime
2025-05-26T23:54:16.675+05:30 DEBUG 22160 --- [hospital-booking-backend] [           main] tor$SharedEntityManagerInvocationHandler : Creating new EntityManager for shared EntityManager invocation
2025-05-26T23:54:16.725+05:30 DEBUG 22160 --- [hospital-booking-backend] [           main] o.s.d.jpa.repository.query.NamedQuery    : Looking up named query 'Appointment.findByUserIdAndStatusIgnoreCase'
2025-05-26T23:54:16.725+05:30 DEBUG 22160 --- [hospital-booking-backend] [           main] o.s.d.jpa.repository.query.NamedQuery    : Did not find named query Appointment.findByUserIdAndStatusIgnoreCase
2025-05-26T23:54:16.725+05:30 DEBUG 22160 --- [hospital-booking-backend] [           main] tor$SharedEntityManagerInvocationHandler : Creating new EntityManager for shared EntityManager invocation
2025-05-26T23:54:16.729+05:30 DEBUG 22160 --- [hospital-booking-backend] [           main] o.s.d.jpa.repository.query.NamedQuery    : Looking up named query 'Appointment.findByClinicIdAndStatusIgnoreCase'
2025-05-26T23:54:16.729+05:30 DEBUG 22160 --- [hospital-booking-backend] [           main] o.s.d.jpa.repository.query.NamedQuery    : Did not find named query Appointment.findByClinicIdAndStatusIgnoreCase
2025-05-26T23:54:16.729+05:30 DEBUG 22160 --- [hospital-booking-backend] [           main] tor$SharedEntityManagerInvocationHandler : Creating new EntityManager for shared EntityManager invocation
2025-05-26T23:54:16.731+05:30 DEBUG 22160 --- [hospital-booking-backend] [           main] o.s.d.jpa.repository.query.NamedQuery    : Looking up named query 'Appointment.findByUserId'
2025-05-26T23:54:16.731+05:30 DEBUG 22160 --- [hospital-booking-backend] [           main] o.s.d.jpa.repository.query.NamedQuery    : Did not find named query Appointment.findByUserId
2025-05-26T23:54:16.731+05:30 DEBUG 22160 --- [hospital-booking-backend] [           main] tor$SharedEntityManagerInvocationHandler : Creating new EntityManager for shared EntityManager invocation
2025-05-26T23:54:16.733+05:30 DEBUG 22160 --- [hospital-booking-backend] [           main] o.s.d.jpa.repository.query.NamedQuery    : Looking up named query 'Appointment.findByClinicId'
2025-05-26T23:54:16.733+05:30 DEBUG 22160 --- [hospital-booking-backend] [           main] o.s.d.jpa.repository.query.NamedQuery    : Did not find named query Appointment.findByClinicId
2025-05-26T23:54:16.733+05:30 DEBUG 22160 --- [hospital-booking-backend] [           main] tor$SharedEntityManagerInvocationHandler : Creating new EntityManager for shared EntityManager invocation
2025-05-26T23:54:16.737+05:30 DEBUG 22160 --- [hospital-booking-backend] [           main] o.s.d.r.c.s.RepositoryFactorySupport     : Finished creation of repository instance for com.hospitalfinder.backend.repository.AppointmentRepository.
2025-05-26T23:54:16.743+05:30 DEBUG 22160 --- [hospital-booking-backend] [           main] o.s.b.f.s.DefaultListableBeanFactory     : Creating shared instance of singleton bean 'clinicRepository'
2025-05-26T23:54:16.743+05:30 DEBUG 22160 --- [hospital-booking-backend] [           main] o.s.b.f.s.DefaultListableBeanFactory     : Creating shared instance of singleton bean 'jpa.named-queries#1'
2025-05-26T23:54:16.745+05:30 DEBUG 22160 --- [hospital-booking-backend] [           main] o.s.b.f.s.DefaultListableBeanFactory     : Creating shared instance of singleton bean 'jpa.ClinicRepository.fragments#0'
2025-05-26T23:54:16.745+05:30 DEBUG 22160 --- [hospital-booking-backend] [           main] tor$SharedEntityManagerInvocationHandler : Creating new EntityManager for shared EntityManager invocation
2025-05-26T23:54:16.747+05:30 DEBUG 22160 --- [hospital-booking-backend] [           main] o.s.d.r.c.s.RepositoryFactorySupport     : Initializing repository instance for com.hospitalfinder.backend.repository.ClinicRepository…
2025-05-26T23:54:16.747+05:30 DEBUG 22160 --- [hospital-booking-backend] [           main] tor$SharedEntityManagerInvocationHandler : Creating new EntityManager for shared EntityManager invocation
2025-05-26T23:54:16.753+05:30 DEBUG 22160 --- [hospital-booking-backend] [           main] o.s.d.jpa.repository.query.NamedQuery    : Did not find named query Clinic.findByCityAndSpecialization.count
2025-05-26T23:54:16.753+05:30 DEBUG 22160 --- [hospital-booking-backend] [           main] tor$SharedEntityManagerInvocationHandler : Creating new EntityManager for shared EntityManager invocation
2025-05-26T23:54:16.767+05:30  INFO 22160 --- [hospital-booking-backend] [           main] o.s.d.j.r.query.QueryEnhancerFactory     : Hibernate is in classpath; If applicable, HQL parser will be used.
2025-05-26T23:54:17.451+05:30 DEBUG 22160 --- [hospital-booking-backend] [           main] o.s.d.jpa.repository.query.NamedQuery    : Did not find named query Clinic.findBySpecialization.count
2025-05-26T23:54:17.451+05:30 DEBUG 22160 --- [hospital-booking-backend] [           main] tor$SharedEntityManagerInvocationHandler : Creating new EntityManager for shared EntityManager invocation
2025-05-26T23:54:17.461+05:30 DEBUG 22160 --- [hospital-booking-backend] [           main] o.s.d.jpa.repository.query.NamedQuery    : Looking up named query 'Clinic.findByCityIgnoreCase'
2025-05-26T23:54:17.461+05:30 DEBUG 22160 --- [hospital-booking-backend] [           main] o.s.d.jpa.repository.query.NamedQuery    : Did not find named query Clinic.findByCityIgnoreCase
2025-05-26T23:54:17.461+05:30 DEBUG 22160 --- [hospital-booking-backend] [           main] tor$SharedEntityManagerInvocationHandler : Creating new EntityManager for shared EntityManager invocation
2025-05-26T23:54:17.461+05:30 DEBUG 22160 --- [hospital-booking-backend] [           main] o.s.d.r.c.s.RepositoryFactorySupport     : Finished creation of repository instance for com.hospitalfinder.backend.repository.ClinicRepository.
2025-05-26T23:54:17.461+05:30 DEBUG 22160 --- [hospital-booking-backend] [           main] o.s.b.f.s.DefaultListableBeanFactory     : Creating shared instance of singleton bean 'userRepository'
2025-05-26T23:54:17.471+05:30 DEBUG 22160 --- [hospital-booking-backend] [           main] o.s.b.f.s.DefaultListableBeanFactory     : Creating shared instance of singleton bean 'jpa.named-queries#3'
2025-05-26T23:54:17.471+05:30 DEBUG 22160 --- [hospital-booking-backend] [           main] o.s.b.f.s.DefaultListableBeanFactory     : Creating shared instance of singleton bean 'jpa.UserRepository.fragments#0'
2025-05-26T23:54:17.471+05:30 DEBUG 22160 --- [hospital-booking-backend] [           main] tor$SharedEntityManagerInvocationHandler : Creating new EntityManager for shared EntityManager invocation
2025-05-26T23:54:17.471+05:30 DEBUG 22160 --- [hospital-booking-backend] [           main] o.s.d.r.c.s.RepositoryFactorySupport     : Initializing repository instance for com.hospitalfinder.backend.repository.UserRepository…
2025-05-26T23:54:17.471+05:30 DEBUG 22160 --- [hospital-booking-backend] [           main] tor$SharedEntityManagerInvocationHandler : Creating new EntityManager for shared EntityManager invocation
2025-05-26T23:54:17.474+05:30 DEBUG 22160 --- [hospital-booking-backend] [           main] o.s.d.jpa.repository.query.NamedQuery    : Looking up named query 'User.existsByEmail'
2025-05-26T23:54:17.477+05:30 DEBUG 22160 --- [hospital-booking-backend] [           main] o.s.d.jpa.repository.query.NamedQuery    : Did not find named query User.existsByEmail
2025-05-26T23:54:17.477+05:30 DEBUG 22160 --- [hospital-booking-backend] [           main] tor$SharedEntityManagerInvocationHandler : Creating new EntityManager for shared EntityManager invocation
2025-05-26T23:54:17.477+05:30 DEBUG 22160 --- [hospital-booking-backend] [           main] o.s.d.jpa.repository.query.NamedQuery    : Looking up named query 'User.findByEmail'
2025-05-26T23:54:17.477+05:30 DEBUG 22160 --- [hospital-booking-backend] [           main] o.s.d.jpa.repository.query.NamedQuery    : Did not find named query User.findByEmail
2025-05-26T23:54:17.477+05:30 DEBUG 22160 --- [hospital-booking-backend] [           main] tor$SharedEntityManagerInvocationHandler : Creating new EntityManager for shared EntityManager invocation
2025-05-26T23:54:17.481+05:30 DEBUG 22160 --- [hospital-booking-backend] [           main] o.s.d.r.c.s.RepositoryFactorySupport     : Finished creation of repository instance for com.hospitalfinder.backend.repository.UserRepository.
2025-05-26T23:54:17.481+05:30 DEBUG 22160 --- [hospital-booking-backend] [           main] o.s.b.f.s.DefaultListableBeanFactory     : Autowiring by type from bean name 'appointmentService' via constructor to bean named 'appointmentRepository'
2025-05-26T23:54:17.481+05:30 DEBUG 22160 --- [hospital-booking-backend] [           main] o.s.b.f.s.DefaultListableBeanFactory     : Autowiring by type from bean name 'appointmentService' via constructor to bean named 'clinicRepository'
2025-05-26T23:54:17.481+05:30 DEBUG 22160 --- [hospital-booking-backend] [           main] o.s.b.f.s.DefaultListableBeanFactory     : Autowiring by type from bean name 'appointmentService' via constructor to bean named 'userRepository'
2025-05-26T23:54:17.481+05:30 DEBUG 22160 --- [hospital-booking-backend] [           main] o.s.b.f.s.DefaultListableBeanFactory     : Autowiring by type from bean name 'appointmentController' via constructor to bean named 'appointmentService'
2025-05-26T23:54:17.481+05:30 DEBUG 22160 --- [hospital-booking-backend] [           main] o.s.b.f.s.DefaultListableBeanFactory     : Creating shared instance of singleton bean 'authController'
2025-05-26T23:54:17.481+05:30 DEBUG 22160 --- [hospital-booking-backend] [           main] o.s.b.f.s.DefaultListableBeanFactory     : Creating shared instance of singleton bean 'passwordEncoder'
2025-05-26T23:54:17.493+05:30 DEBUG 22160 --- [hospital-booking-backend] [           main] o.s.b.f.s.DefaultListableBeanFactory     : Autowiring by type from bean name 'authController' via constructor to bean named 'userRepository'
2025-05-26T23:54:17.493+05:30 DEBUG 22160 --- [hospital-booking-backend] [           main] o.s.b.f.s.DefaultListableBeanFactory     : Autowiring by type from bean name 'authController' via constructor to bean named 'passwordEncoder'
2025-05-26T23:54:17.493+05:30 DEBUG 22160 --- [hospital-booking-backend] [           main] o.s.b.f.s.DefaultListableBeanFactory     : Creating shared instance of singleton bean 'clinicController'
2025-05-26T23:54:17.493+05:30 DEBUG 22160 --- [hospital-booking-backend] [           main] o.s.b.f.s.DefaultListableBeanFactory     : Creating shared instance of singleton bean 'clinicService'
2025-05-26T23:54:17.493+05:30 DEBUG 22160 --- [hospital-booking-backend] [           main] o.s.b.f.s.DefaultListableBeanFactory     : Creating shared instance of singleton bean 'specializationRepository'
2025-05-26T23:54:17.493+05:30 DEBUG 22160 --- [hospital-booking-backend] [           main] o.s.b.f.s.DefaultListableBeanFactory     : Creating shared instance of singleton bean 'jpa.named-queries#2'
2025-05-26T23:54:17.502+05:30 DEBUG 22160 --- [hospital-booking-backend] [           main] o.s.b.f.s.DefaultListableBeanFactory     : Creating shared instance of singleton bean 'jpa.SpecializationRepository.fragments#0'
2025-05-26T23:54:17.502+05:30 DEBUG 22160 --- [hospital-booking-backend] [           main] tor$SharedEntityManagerInvocationHandler : Creating new EntityManager for shared EntityManager invocation
2025-05-26T23:54:17.502+05:30 DEBUG 22160 --- [hospital-booking-backend] [           main] o.s.d.r.c.s.RepositoryFactorySupport     : Initializing repository instance for com.hospitalfinder.backend.repository.SpecializationRepository…
2025-05-26T23:54:17.502+05:30 DEBUG 22160 --- [hospital-booking-backend] [           main] tor$SharedEntityManagerInvocationHandler : Creating new EntityManager for shared EntityManager invocation
2025-05-26T23:54:17.502+05:30 DEBUG 22160 --- [hospital-booking-backend] [           main] o.s.d.jpa.repository.query.NamedQuery    : Looking up named query 'Specialization.existsBySpecializationIgnoreCase'
2025-05-26T23:54:17.502+05:30 DEBUG 22160 --- [hospital-booking-backend] [           main] o.s.d.jpa.repository.query.NamedQuery    : Did not find named query Specialization.existsBySpecializationIgnoreCase
2025-05-26T23:54:17.502+05:30 DEBUG 22160 --- [hospital-booking-backend] [           main] tor$SharedEntityManagerInvocationHandler : Creating new EntityManager for shared EntityManager invocation
2025-05-26T23:54:17.502+05:30 DEBUG 22160 --- [hospital-booking-backend] [           main] o.s.d.r.c.s.RepositoryFactorySupport     : Finished creation of repository instance for com.hospitalfinder.backend.repository.SpecializationRepository.
2025-05-26T23:54:17.502+05:30 DEBUG 22160 --- [hospital-booking-backend] [           main] o.s.b.f.s.DefaultListableBeanFactory     : Autowiring by type from bean name 'clinicService' via constructor to bean named 'clinicRepository'
2025-05-26T23:54:17.502+05:30 DEBUG 22160 --- [hospital-booking-backend] [           main] o.s.b.f.s.DefaultListableBeanFactory     : Autowiring by type from bean name 'clinicService' via constructor to bean named 'specializationRepository'
2025-05-26T23:54:17.502+05:30 DEBUG 22160 --- [hospital-booking-backend] [           main] o.s.b.f.s.DefaultListableBeanFactory     : Autowiring by type from bean name 'clinicController' via constructor to bean named 'clinicService'
2025-05-26T23:54:17.502+05:30 DEBUG 22160 --- [hospital-booking-backend] [           main] o.s.b.f.s.DefaultListableBeanFactory     : Creating shared instance of singleton bean 'specializationController'
2025-05-26T23:54:17.502+05:30 DEBUG 22160 --- [hospital-booking-backend] [           main] o.s.b.f.s.DefaultListableBeanFactory     : Autowiring by type from bean name 'specializationController' via constructor to bean named 'specializationRepository'
2025-05-26T23:54:17.502+05:30 DEBUG 22160 --- [hospital-booking-backend] [           main] o.s.b.f.s.DefaultListableBeanFactory     : Creating shared instance of singleton bean 'testController'
2025-05-26T23:54:17.502+05:30 DEBUG 22160 --- [hospital-booking-backend] [           main] o.s.b.f.s.DefaultListableBeanFactory     : Creating shared instance of singleton bean 'globalExceptionHandler'
2025-05-26T23:54:17.512+05:30 DEBUG 22160 --- [hospital-booking-backend] [           main] o.s.b.f.s.DefaultListableBeanFactory     : Creating shared instance of singleton bean 'seedSpecializations'
2025-05-26T23:54:17.512+05:30 DEBUG 22160 --- [hospital-booking-backend] [           main] o.s.b.f.s.DefaultListableBeanFactory     : Autowiring by type from bean name 'seedSpecializations' via factory method to bean named 'specializationRepository'
2025-05-26T23:54:17.512+05:30 DEBUG 22160 --- [hospital-booking-backend] [           main] o.s.b.f.s.DefaultListableBeanFactory     : Creating shared instance of singleton bean 'securityFilterChain'
2025-05-26T23:54:17.512+05:30 DEBUG 22160 --- [hospital-booking-backend] [           main] o.s.b.f.s.DefaultListableBeanFactory     : Creating shared instance of singleton bean 'org.springframework.security.config.annotation.web.configuration.HttpSecurityConfiguration'
2025-05-26T23:54:17.522+05:30 DEBUG 22160 --- [hospital-booking-backend] [           main] o.s.b.f.s.DefaultListableBeanFactory     : Creating shared instance of singleton bean 'objectPostProcessor'
2025-05-26T23:54:17.522+05:30 DEBUG 22160 --- [hospital-booking-backend] [           main] o.s.b.f.s.DefaultListableBeanFactory     : Creating shared instance of singleton bean 'org.springframework.security.config.annotation.configuration.ObjectPostProcessorConfiguration'
2025-05-26T23:54:17.522+05:30 DEBUG 22160 --- [hospital-booking-backend] [           main] o.s.b.f.s.DefaultListableBeanFactory     : Autowiring by type from bean name 'objectPostProcessor' via factory method to bean named 'org.springframework.beans.factory.support.DefaultListableBeanFactory@1ecfcbc9'
2025-05-26T23:54:17.522+05:30 DEBUG 22160 --- [hospital-booking-backend] [           main] o.s.b.f.s.DefaultListableBeanFactory     : Creating shared instance of singleton bean 'org.springframework.security.config.annotation.authentication.configuration.AuthenticationConfiguration'
2025-05-26T23:54:17.522+05:30 DEBUG 22160 --- [hospital-booking-backend] [           main] o.s.b.f.s.DefaultListableBeanFactory     : Creating shared instance of singleton bean 'enableGlobalAuthenticationAutowiredConfigurer'
2025-05-26T23:54:17.522+05:30 DEBUG 22160 --- [hospital-booking-backend] [           main] o.s.b.f.s.DefaultListableBeanFactory     : Autowiring by type from bean name 'enableGlobalAuthenticationAutowiredConfigurer' via factory method to bean named 'org.springframework.web.context.support.GenericWebApplicationContext@433e536f'
2025-05-26T23:54:17.522+05:30 DEBUG 22160 --- [hospital-booking-backend] [           main] o.s.b.f.s.DefaultListableBeanFactory     : Creating shared instance of singleton bean 'initializeUserDetailsBeanManagerConfigurer'
2025-05-26T23:54:17.522+05:30 DEBUG 22160 --- [hospital-booking-backend] [           main] o.s.b.f.s.DefaultListableBeanFactory     : Autowiring by type from bean name 'initializeUserDetailsBeanManagerConfigurer' via factory method to bean named 'org.springframework.web.context.support.GenericWebApplicationContext@433e536f'
2025-05-26T23:54:17.522+05:30 DEBUG 22160 --- [hospital-booking-backend] [           main] o.s.b.f.s.DefaultListableBeanFactory     : Creating shared instance of singleton bean 'initializeAuthenticationProviderBeanManagerConfigurer'
2025-05-26T23:54:17.522+05:30 DEBUG 22160 --- [hospital-booking-backend] [           main] o.s.b.f.s.DefaultListableBeanFactory     : Autowiring by type from bean name 'initializeAuthenticationProviderBeanManagerConfigurer' via factory method to bean named 'org.springframework.web.context.support.GenericWebApplicationContext@433e536f'
2025-05-26T23:54:17.532+05:30 DEBUG 22160 --- [hospital-booking-backend] [           main] o.s.b.f.s.DefaultListableBeanFactory     : Creating shared instance of singleton bean 'mvcContentNegotiationManager'
2025-05-26T23:54:17.532+05:30 DEBUG 22160 --- [hospital-booking-backend] [           main] o.s.b.f.s.DefaultListableBeanFactory     : Creating shared instance of singleton bean 'org.springframework.boot.autoconfigure.web.servlet.WebMvcAutoConfiguration$EnableWebMvcConfiguration'
2025-05-26T23:54:17.532+05:30 DEBUG 22160 --- [hospital-booking-backend] [           main] o.s.b.f.s.DefaultListableBeanFactory     : Creating shared instance of singleton bean 'spring.mvc-org.springframework.boot.autoconfigure.web.servlet.WebMvcProperties'
2025-05-26T23:54:17.532+05:30 DEBUG 22160 --- [hospital-booking-backend] [           main] o.s.b.f.s.DefaultListableBeanFactory     : Creating shared instance of singleton bean 'spring.web-org.springframework.boot.autoconfigure.web.WebProperties'
2025-05-26T23:54:17.542+05:30 DEBUG 22160 --- [hospital-booking-backend] [           main] o.s.b.f.s.DefaultListableBeanFactory     : Autowiring by type from bean name 'org.springframework.boot.autoconfigure.web.servlet.WebMvcAutoConfiguration$EnableWebMvcConfiguration' via constructor to bean named 'spring.mvc-org.springframework.boot.autoconfigure.web.servlet.WebMvcProperties'
2025-05-26T23:54:17.542+05:30 DEBUG 22160 --- [hospital-booking-backend] [           main] o.s.b.f.s.DefaultListableBeanFactory     : Autowiring by type from bean name 'org.springframework.boot.autoconfigure.web.servlet.WebMvcAutoConfiguration$EnableWebMvcConfiguration' via constructor to bean named 'spring.web-org.springframework.boot.autoconfigure.web.WebProperties'
2025-05-26T23:54:17.542+05:30 DEBUG 22160 --- [hospital-booking-backend] [           main] o.s.b.f.s.DefaultListableBeanFactory     : Autowiring by type from bean name 'org.springframework.boot.autoconfigure.web.servlet.WebMvcAutoConfiguration$EnableWebMvcConfiguration' via constructor to bean named 'org.springframework.beans.factory.support.DefaultListableBeanFactory@1ecfcbc9'
2025-05-26T23:54:17.542+05:30 DEBUG 22160 --- [hospital-booking-backend] [           main] o.s.b.f.s.DefaultListableBeanFactory     : Creating shared instance of singleton bean 'org.springframework.boot.autoconfigure.web.servlet.WebMvcAutoConfiguration$WebMvcAutoConfigurationAdapter'
2025-05-26T23:54:17.542+05:30 DEBUG 22160 --- [hospital-booking-backend] [           main] o.s.b.f.s.DefaultListableBeanFactory     : Autowiring by type from bean name 'org.springframework.boot.autoconfigure.web.servlet.WebMvcAutoConfiguration$WebMvcAutoConfigurationAdapter' via constructor to bean named 'spring.web-org.springframework.boot.autoconfigure.web.WebProperties'
2025-05-26T23:54:17.542+05:30 DEBUG 22160 --- [hospital-booking-backend] [           main] o.s.b.f.s.DefaultListableBeanFactory     : Autowiring by type from bean name 'org.springframework.boot.autoconfigure.web.servlet.WebMvcAutoConfiguration$WebMvcAutoConfigurationAdapter' via constructor to bean named 'spring.mvc-org.springframework.boot.autoconfigure.web.servlet.WebMvcProperties'
2025-05-26T23:54:17.542+05:30 DEBUG 22160 --- [hospital-booking-backend] [           main] o.s.b.f.s.DefaultListableBeanFactory     : Autowiring by type from bean name 'org.springframework.boot.autoconfigure.web.servlet.WebMvcAutoConfiguration$WebMvcAutoConfigurationAdapter' via constructor to bean named 'org.springframework.beans.factory.support.DefaultListableBeanFactory@1ecfcbc9'
2025-05-26T23:54:17.542+05:30 DEBUG 22160 --- [hospital-booking-backend] [           main] o.s.b.f.s.DefaultListableBeanFactory     : Creating shared instance of singleton bean 'swaggerWebMvcConfigurer'
2025-05-26T23:54:17.542+05:30 DEBUG 22160 --- [hospital-booking-backend] [           main] o.s.b.f.s.DefaultListableBeanFactory     : Creating shared instance of singleton bean 'org.springdoc.webmvc.ui.SwaggerConfig'
2025-05-26T23:54:17.542+05:30 DEBUG 22160 --- [hospital-booking-backend] [           main] o.s.b.f.s.DefaultListableBeanFactory     : Creating shared instance of singleton bean 'org.springdoc.core.properties.SwaggerUiConfigParameters'
2025-05-26T23:54:17.552+05:30 DEBUG 22160 --- [hospital-booking-backend] [           main] o.s.b.f.s.DefaultListableBeanFactory     : Creating shared instance of singleton bean 'org.springdoc.core.properties.SwaggerUiConfigProperties'
2025-05-26T23:54:17.554+05:30 DEBUG 22160 --- [hospital-booking-backend] [           main] o.s.b.f.s.DefaultListableBeanFactory     : Autowiring by type from bean name 'org.springdoc.core.properties.SwaggerUiConfigParameters' via constructor to bean named 'org.springdoc.core.properties.SwaggerUiConfigProperties'
2025-05-26T23:54:17.563+05:30 DEBUG 22160 --- [hospital-booking-backend] [           main] o.s.b.f.s.DefaultListableBeanFactory     : Creating shared instance of singleton bean 'indexPageTransformer'
2025-05-26T23:54:17.573+05:30 DEBUG 22160 --- [hospital-booking-backend] [           main] o.s.b.f.s.DefaultListableBeanFactory     : Creating shared instance of singleton bean 'org.springdoc.core.properties.SwaggerUiOAuthProperties'
2025-05-26T23:54:17.574+05:30 DEBUG 22160 --- [hospital-booking-backend] [           main] o.s.b.f.s.DefaultListableBeanFactory     : Creating shared instance of singleton bean 'swaggerWelcome'
2025-05-26T23:54:17.574+05:30 DEBUG 22160 --- [hospital-booking-backend] [           main] o.s.b.f.s.DefaultListableBeanFactory     : Creating shared instance of singleton bean 'org.springdoc.core.properties.SpringDocConfigProperties'
2025-05-26T23:54:17.583+05:30 DEBUG 22160 --- [hospital-booking-backend] [           main] o.s.b.f.s.DefaultListableBeanFactory     : Creating shared instance of singleton bean 'springWebProvider'
2025-05-26T23:54:17.583+05:30 DEBUG 22160 --- [hospital-booking-backend] [           main] o.s.b.f.s.DefaultListableBeanFactory     : Creating shared instance of singleton bean 'org.springdoc.webmvc.core.configuration.SpringDocWebMvcConfiguration'
2025-05-26T23:54:17.593+05:30 DEBUG 22160 --- [hospital-booking-backend] [           main] o.s.b.f.s.DefaultListableBeanFactory     : Autowiring by type from bean name 'swaggerWelcome' via factory method to bean named 'org.springdoc.core.properties.SwaggerUiConfigProperties'
2025-05-26T23:54:17.593+05:30 DEBUG 22160 --- [hospital-booking-backend] [           main] o.s.b.f.s.DefaultListableBeanFactory     : Autowiring by type from bean name 'swaggerWelcome' via factory method to bean named 'org.springdoc.core.properties.SpringDocConfigProperties'
2025-05-26T23:54:17.593+05:30 DEBUG 22160 --- [hospital-booking-backend] [           main] o.s.b.f.s.DefaultListableBeanFactory     : Autowiring by type from bean name 'swaggerWelcome' via factory method to bean named 'org.springdoc.core.properties.SwaggerUiConfigParameters'
2025-05-26T23:54:17.593+05:30 DEBUG 22160 --- [hospital-booking-backend] [           main] o.s.b.f.s.DefaultListableBeanFactory     : Autowiring by type from bean name 'swaggerWelcome' via factory method to bean named 'springWebProvider'
2025-05-26T23:54:17.614+05:30 DEBUG 22160 --- [hospital-booking-backend] [           main] o.s.b.f.s.DefaultListableBeanFactory     : Creating shared instance of singleton bean 'objectMapperProvider'
2025-05-26T23:54:17.614+05:30 DEBUG 22160 --- [hospital-booking-backend] [           main] o.s.b.f.s.DefaultListableBeanFactory     : Creating shared instance of singleton bean 'org.springdoc.core.configuration.SpringDocConfiguration'
2025-05-26T23:54:17.621+05:30 DEBUG 22160 --- [hospital-booking-backend] [           main] o.s.b.f.s.DefaultListableBeanFactory     : Autowiring by type from bean name 'objectMapperProvider' via factory method to bean named 'org.springdoc.core.properties.SpringDocConfigProperties'
2025-05-26T23:54:17.647+05:30 DEBUG 22160 --- [hospital-booking-backend] [           main] o.s.b.f.s.DefaultListableBeanFactory     : Autowiring by type from bean name 'indexPageTransformer' via factory method to bean named 'org.springdoc.core.properties.SwaggerUiConfigProperties'
2025-05-26T23:54:17.647+05:30 DEBUG 22160 --- [hospital-booking-backend] [           main] o.s.b.f.s.DefaultListableBeanFactory     : Autowiring by type from bean name 'indexPageTransformer' via factory method to bean named 'org.springdoc.core.properties.SwaggerUiOAuthProperties'
2025-05-26T23:54:17.647+05:30 DEBUG 22160 --- [hospital-booking-backend] [           main] o.s.b.f.s.DefaultListableBeanFactory     : Autowiring by type from bean name 'indexPageTransformer' via factory method to bean named 'org.springdoc.core.properties.SwaggerUiConfigParameters'
2025-05-26T23:54:17.647+05:30 DEBUG 22160 --- [hospital-booking-backend] [           main] o.s.b.f.s.DefaultListableBeanFactory     : Autowiring by type from bean name 'indexPageTransformer' via factory method to bean named 'swaggerWelcome'
2025-05-26T23:54:17.647+05:30 DEBUG 22160 --- [hospital-booking-backend] [           main] o.s.b.f.s.DefaultListableBeanFactory     : Autowiring by type from bean name 'indexPageTransformer' via factory method to bean named 'objectMapperProvider'
2025-05-26T23:54:17.647+05:30 DEBUG 22160 --- [hospital-booking-backend] [           main] o.s.b.f.s.DefaultListableBeanFactory     : Creating shared instance of singleton bean 'swaggerResourceResolver'
2025-05-26T23:54:17.647+05:30 DEBUG 22160 --- [hospital-booking-backend] [           main] o.s.b.f.s.DefaultListableBeanFactory     : Autowiring by type from bean name 'swaggerResourceResolver' via factory method to bean named 'org.springdoc.core.properties.SwaggerUiConfigProperties'
2025-05-26T23:54:17.654+05:30 DEBUG 22160 --- [hospital-booking-backend] [           main] o.s.b.f.s.DefaultListableBeanFactory     : Autowiring by type from bean name 'swaggerWebMvcConfigurer' via factory method to bean named 'org.springdoc.core.properties.SwaggerUiConfigParameters'
2025-05-26T23:54:17.654+05:30 DEBUG 22160 --- [hospital-booking-backend] [           main] o.s.b.f.s.DefaultListableBeanFactory     : Autowiring by type from bean name 'swaggerWebMvcConfigurer' via factory method to bean named 'indexPageTransformer'
2025-05-26T23:54:17.654+05:30 DEBUG 22160 --- [hospital-booking-backend] [           main] o.s.b.f.s.DefaultListableBeanFactory     : Autowiring by type from bean name 'swaggerWebMvcConfigurer' via factory method to bean named 'swaggerResourceResolver'
2025-05-26T23:54:17.654+05:30 DEBUG 22160 --- [hospital-booking-backend] [           main] o.s.b.f.s.DefaultListableBeanFactory     : Creating shared instance of singleton bean 'openEntityManagerInViewInterceptorConfigurer'
2025-05-26T23:54:17.654+05:30 DEBUG 22160 --- [hospital-booking-backend] [           main] o.s.b.f.s.DefaultListableBeanFactory     : Creating shared instance of singleton bean 'org.springframework.boot.autoconfigure.orm.jpa.JpaBaseConfiguration$JpaWebConfiguration'
2025-05-26T23:54:17.654+05:30 DEBUG 22160 --- [hospital-booking-backend] [           main] o.s.b.f.s.DefaultListableBeanFactory     : Autowiring by type from bean name 'org.springframework.boot.autoconfigure.orm.jpa.JpaBaseConfiguration$JpaWebConfiguration' via constructor to bean named 'spring.jpa-org.springframework.boot.autoconfigure.orm.jpa.JpaProperties'
2025-05-26T23:54:17.654+05:30 DEBUG 22160 --- [hospital-booking-backend] [           main] o.s.b.f.s.DefaultListableBeanFactory     : Creating shared instance of singleton bean 'openEntityManagerInViewInterceptor'
2025-05-26T23:54:17.654+05:30  WARN 22160 --- [hospital-booking-backend] [           main] JpaBaseConfiguration$JpaWebConfiguration : spring.jpa.open-in-view is enabled by default. Therefore, database queries may be performed during view rendering. Explicitly configure spring.jpa.open-in-view to disable this warning
2025-05-26T23:54:17.665+05:30 DEBUG 22160 --- [hospital-booking-backend] [           main] o.s.b.f.s.DefaultListableBeanFactory     : Autowiring by type from bean name 'openEntityManagerInViewInterceptorConfigurer' via factory method to bean named 'openEntityManagerInViewInterceptor'
2025-05-26T23:54:17.665+05:30 DEBUG 22160 --- [hospital-booking-backend] [           main] o.s.b.f.s.DefaultListableBeanFactory     : Creating shared instance of singleton bean 'org.springframework.data.web.config.SpringDataWebConfiguration'
2025-05-26T23:54:17.665+05:30 DEBUG 22160 --- [hospital-booking-backend] [           main] o.s.b.f.s.DefaultListableBeanFactory     : Autowiring by type from bean name 'org.springframework.data.web.config.SpringDataWebConfiguration' via constructor to bean named 'org.springframework.web.context.support.GenericWebApplicationContext@433e536f'
2025-05-26T23:54:17.674+05:30 DEBUG 22160 --- [hospital-booking-backend] [           main] o.s.b.f.s.DefaultListableBeanFactory     : Creating shared instance of singleton bean 'org.springframework.security.config.annotation.web.configuration.WebMvcSecurityConfiguration'
2025-05-26T23:54:17.685+05:30 DEBUG 22160 --- [hospital-booking-backend] [           main] o.s.b.f.s.DefaultListableBeanFactory     : Creating shared instance of singleton bean 'authenticationManagerBuilder'
2025-05-26T23:54:17.685+05:30 DEBUG 22160 --- [hospital-booking-backend] [           main] o.s.b.f.s.DefaultListableBeanFactory     : Autowiring by type from bean name 'authenticationManagerBuilder' via factory method to bean named 'objectPostProcessor'
2025-05-26T23:54:17.685+05:30 DEBUG 22160 --- [hospital-booking-backend] [           main] o.s.b.f.s.DefaultListableBeanFactory     : Autowiring by type from bean name 'authenticationManagerBuilder' via factory method to bean named 'org.springframework.web.context.support.GenericWebApplicationContext@433e536f'
2025-05-26T23:54:17.685+05:30 DEBUG 22160 --- [hospital-booking-backend] [           main] o.s.b.f.s.DefaultListableBeanFactory     : Creating shared instance of singleton bean 'authenticationEventPublisher'
2025-05-26T23:54:17.685+05:30 DEBUG 22160 --- [hospital-booking-backend] [           main] o.s.b.f.s.DefaultListableBeanFactory     : Creating shared instance of singleton bean 'org.springframework.boot.autoconfigure.security.servlet.SecurityAutoConfiguration'
2025-05-26T23:54:17.685+05:30 DEBUG 22160 --- [hospital-booking-backend] [           main] o.s.b.f.s.DefaultListableBeanFactory     : Autowiring by type from bean name 'authenticationEventPublisher' via factory method to bean named 'org.springframework.web.context.support.GenericWebApplicationContext@433e536f'
2025-05-26T23:54:17.695+05:30 DEBUG 22160 --- [hospital-booking-backend] [           main] o.s.b.f.s.DefaultListableBeanFactory     : Creating shared instance of singleton bean 'org.springframework.boot.autoconfigure.security.servlet.SpringBootWebSecurityConfiguration$WebSecurityEnablerConfiguration'
2025-05-26T23:54:17.695+05:30 DEBUG 22160 --- [hospital-booking-backend] [           main] o.s.b.f.s.DefaultListableBeanFactory     : Creating shared instance of singleton bean 'inMemoryUserDetailsManager'
2025-05-26T23:54:17.701+05:30 DEBUG 22160 --- [hospital-booking-backend] [           main] o.s.b.f.s.DefaultListableBeanFactory     : Creating shared instance of singleton bean 'org.springframework.boot.autoconfigure.security.servlet.UserDetailsServiceAutoConfiguration'
2025-05-26T23:54:17.701+05:30 DEBUG 22160 --- [hospital-booking-backend] [           main] o.s.b.f.s.DefaultListableBeanFactory     : Creating shared instance of singleton bean 'spring.security-org.springframework.boot.autoconfigure.security.SecurityProperties'
2025-05-26T23:54:17.701+05:30 DEBUG 22160 --- [hospital-booking-backend] [           main] o.s.b.f.s.DefaultListableBeanFactory     : Autowiring by type from bean name 'inMemoryUserDetailsManager' via factory method to bean named 'spring.security-org.springframework.boot.autoconfigure.security.SecurityProperties'
2025-05-26T23:54:17.706+05:30  WARN 22160 --- [hospital-booking-backend] [           main] .s.s.UserDetailsServiceAutoConfiguration : 

Using generated security password: 569eee36-4d4d-4de6-b1bc-9b15f00007b2

This generated password is for development use only. Your security configuration must be updated before running your application in production.

2025-05-26T23:54:17.709+05:30  INFO 22160 --- [hospital-booking-backend] [           main] r$InitializeUserDetailsManagerConfigurer : Global AuthenticationManager configured with UserDetailsService bean with name inMemoryUserDetailsManager
2025-05-26T23:54:17.769+05:30 DEBUG 22160 --- [hospital-booking-backend] [           main] o.s.b.f.s.DefaultListableBeanFactory     : Autowiring by type from bean name 'securityFilterChain' via factory method to bean named 'org.springframework.security.config.annotation.web.configuration.HttpSecurityConfiguration.httpSecurity'
2025-05-26T23:54:17.779+05:30 DEBUG 22160 --- [hospital-booking-backend] [           main] o.s.b.f.s.DefaultListableBeanFactory     : Creating shared instance of singleton bean 'webAuthorizationManagerPostProcessor'
2025-05-26T23:54:17.779+05:30 DEBUG 22160 --- [hospital-booking-backend] [           main] o.s.b.f.s.DefaultListableBeanFactory     : Creating shared instance of singleton bean 'mvcHandlerMappingIntrospector'
2025-05-26T23:54:17.799+05:30 DEBUG 22160 --- [hospital-booking-backend] [           main] o.s.b.f.s.DefaultListableBeanFactory     : Creating shared instance of singleton bean 'welcomePageHandlerMapping'
2025-05-26T23:54:17.799+05:30 DEBUG 22160 --- [hospital-booking-backend] [           main] o.s.b.f.s.DefaultListableBeanFactory     : Creating shared instance of singleton bean 'mvcConversionService'
2025-05-26T23:54:17.819+05:30 DEBUG 22160 --- [hospital-booking-backend] [           main] o.s.b.f.s.DefaultListableBeanFactory     : Creating shared instance of singleton bean 'mvcResourceUrlProvider'
2025-05-26T23:54:17.819+05:30 DEBUG 22160 --- [hospital-booking-backend] [           main] o.s.b.f.s.DefaultListableBeanFactory     : Autowiring by type from bean name 'welcomePageHandlerMapping' via factory method to bean named 'org.springframework.web.context.support.GenericWebApplicationContext@433e536f'
2025-05-26T23:54:17.819+05:30 DEBUG 22160 --- [hospital-booking-backend] [           main] o.s.b.f.s.DefaultListableBeanFactory     : Autowiring by type from bean name 'welcomePageHandlerMapping' via factory method to bean named 'mvcConversionService'
2025-05-26T23:54:17.819+05:30 DEBUG 22160 --- [hospital-booking-backend] [           main] o.s.b.f.s.DefaultListableBeanFactory     : Autowiring by type from bean name 'welcomePageHandlerMapping' via factory method to bean named 'mvcResourceUrlProvider'
2025-05-26T23:54:17.829+05:30 DEBUG 22160 --- [hospital-booking-backend] [           main] o.s.b.f.s.DefaultListableBeanFactory     : Creating shared instance of singleton bean 'welcomePageNotAcceptableHandlerMapping'
2025-05-26T23:54:17.829+05:30 DEBUG 22160 --- [hospital-booking-backend] [           main] o.s.b.f.s.DefaultListableBeanFactory     : Autowiring by type from bean name 'welcomePageNotAcceptableHandlerMapping' via factory method to bean named 'org.springframework.web.context.support.GenericWebApplicationContext@433e536f'
2025-05-26T23:54:17.829+05:30 DEBUG 22160 --- [hospital-booking-backend] [           main] o.s.b.f.s.DefaultListableBeanFactory     : Autowiring by type from bean name 'welcomePageNotAcceptableHandlerMapping' via factory method to bean named 'mvcConversionService'
2025-05-26T23:54:17.829+05:30 DEBUG 22160 --- [hospital-booking-backend] [           main] o.s.b.f.s.DefaultListableBeanFactory     : Autowiring by type from bean name 'welcomePageNotAcceptableHandlerMapping' via factory method to bean named 'mvcResourceUrlProvider'
2025-05-26T23:54:17.840+05:30 DEBUG 22160 --- [hospital-booking-backend] [           main] o.s.b.f.s.DefaultListableBeanFactory     : Creating shared instance of singleton bean 'requestMappingHandlerMapping'
2025-05-26T23:54:17.840+05:30 DEBUG 22160 --- [hospital-booking-backend] [           main] o.s.b.f.s.DefaultListableBeanFactory     : Autowiring by type from bean name 'requestMappingHandlerMapping' via factory method to bean named 'mvcContentNegotiationManager'
2025-05-26T23:54:17.840+05:30 DEBUG 22160 --- [hospital-booking-backend] [           main] o.s.b.f.s.DefaultListableBeanFactory     : Autowiring by type from bean name 'requestMappingHandlerMapping' via factory method to bean named 'mvcConversionService'
2025-05-26T23:54:17.840+05:30 DEBUG 22160 --- [hospital-booking-backend] [           main] o.s.b.f.s.DefaultListableBeanFactory     : Autowiring by type from bean name 'requestMappingHandlerMapping' via factory method to bean named 'mvcResourceUrlProvider'
2025-05-26T23:54:17.911+05:30 DEBUG 22160 --- [hospital-booking-backend] [           main] s.w.s.m.m.a.RequestMappingHandlerMapping : 18 mappings in 'requestMappingHandlerMapping'
2025-05-26T23:54:17.911+05:30 DEBUG 22160 --- [hospital-booking-backend] [           main] o.s.b.f.s.DefaultListableBeanFactory     : Creating shared instance of singleton bean 'viewControllerHandlerMapping'
2025-05-26T23:54:17.911+05:30 DEBUG 22160 --- [hospital-booking-backend] [           main] o.s.b.f.s.DefaultListableBeanFactory     : Autowiring by type from bean name 'viewControllerHandlerMapping' via factory method to bean named 'mvcConversionService'
2025-05-26T23:54:17.911+05:30 DEBUG 22160 --- [hospital-booking-backend] [           main] o.s.b.f.s.DefaultListableBeanFactory     : Autowiring by type from bean name 'viewControllerHandlerMapping' via factory method to bean named 'mvcResourceUrlProvider'
2025-05-26T23:54:17.911+05:30 DEBUG 22160 --- [hospital-booking-backend] [           main] o.s.b.f.s.DefaultListableBeanFactory     : Creating shared instance of singleton bean 'beanNameHandlerMapping'
2025-05-26T23:54:17.911+05:30 DEBUG 22160 --- [hospital-booking-backend] [           main] o.s.b.f.s.DefaultListableBeanFactory     : Autowiring by type from bean name 'beanNameHandlerMapping' via factory method to bean named 'mvcConversionService'
2025-05-26T23:54:17.911+05:30 DEBUG 22160 --- [hospital-booking-backend] [           main] o.s.b.f.s.DefaultListableBeanFactory     : Autowiring by type from bean name 'beanNameHandlerMapping' via factory method to bean named 'mvcResourceUrlProvider'
2025-05-26T23:54:17.923+05:30 DEBUG 22160 --- [hospital-booking-backend] [           main] o.s.b.f.s.DefaultListableBeanFactory     : Creating shared instance of singleton bean 'routerFunctionMapping'
2025-05-26T23:54:17.923+05:30 DEBUG 22160 --- [hospital-booking-backend] [           main] o.s.b.f.s.DefaultListableBeanFactory     : Autowiring by type from bean name 'routerFunctionMapping' via factory method to bean named 'mvcConversionService'
2025-05-26T23:54:17.923+05:30 DEBUG 22160 --- [hospital-booking-backend] [           main] o.s.b.f.s.DefaultListableBeanFactory     : Autowiring by type from bean name 'routerFunctionMapping' via factory method to bean named 'mvcResourceUrlProvider'
2025-05-26T23:54:17.923+05:30 DEBUG 22160 --- [hospital-booking-backend] [           main] o.s.b.f.s.DefaultListableBeanFactory     : Creating shared instance of singleton bean 'messageConverters'
2025-05-26T23:54:17.923+05:30 DEBUG 22160 --- [hospital-booking-backend] [           main] o.s.b.f.s.DefaultListableBeanFactory     : Creating shared instance of singleton bean 'org.springframework.boot.autoconfigure.http.HttpMessageConvertersAutoConfiguration'
2025-05-26T23:54:17.931+05:30 DEBUG 22160 --- [hospital-booking-backend] [           main] o.s.b.f.s.DefaultListableBeanFactory     : Creating shared instance of singleton bean 'stringHttpMessageConverter'
2025-05-26T23:54:17.931+05:30 DEBUG 22160 --- [hospital-booking-backend] [           main] o.s.b.f.s.DefaultListableBeanFactory     : Creating shared instance of singleton bean 'org.springframework.boot.autoconfigure.http.HttpMessageConvertersAutoConfiguration$StringHttpMessageConverterConfiguration'
2025-05-26T23:54:17.931+05:30 DEBUG 22160 --- [hospital-booking-backend] [           main] o.s.b.f.s.DefaultListableBeanFactory     : Autowiring by type from bean name 'stringHttpMessageConverter' via factory method to bean named 'environment'
2025-05-26T23:54:17.931+05:30 DEBUG 22160 --- [hospital-booking-backend] [           main] o.s.b.f.s.DefaultListableBeanFactory     : Creating shared instance of singleton bean 'mappingJackson2HttpMessageConverter'
2025-05-26T23:54:17.931+05:30 DEBUG 22160 --- [hospital-booking-backend] [           main] o.s.b.f.s.DefaultListableBeanFactory     : Creating shared instance of singleton bean 'org.springframework.boot.autoconfigure.http.JacksonHttpMessageConvertersConfiguration$MappingJackson2HttpMessageConverterConfiguration'
2025-05-26T23:54:17.931+05:30 DEBUG 22160 --- [hospital-booking-backend] [           main] o.s.b.f.s.DefaultListableBeanFactory     : Creating shared instance of singleton bean 'jacksonObjectMapper'
2025-05-26T23:54:17.931+05:30 DEBUG 22160 --- [hospital-booking-backend] [           main] o.s.b.f.s.DefaultListableBeanFactory     : Creating shared instance of singleton bean 'org.springframework.boot.autoconfigure.jackson.JacksonAutoConfiguration$JacksonObjectMapperConfiguration'
2025-05-26T23:54:17.931+05:30 DEBUG 22160 --- [hospital-booking-backend] [           main] o.s.b.f.s.DefaultListableBeanFactory     : Creating shared instance of singleton bean 'org.springframework.boot.autoconfigure.jackson.JacksonAutoConfiguration$JacksonObjectMapperBuilderConfiguration'
2025-05-26T23:54:17.931+05:30 DEBUG 22160 --- [hospital-booking-backend] [           main] o.s.b.f.s.DefaultListableBeanFactory     : Creating shared instance of singleton bean 'standardJacksonObjectMapperBuilderCustomizer'
2025-05-26T23:54:17.941+05:30 DEBUG 22160 --- [hospital-booking-backend] [           main] o.s.b.f.s.DefaultListableBeanFactory     : Creating shared instance of singleton bean 'org.springframework.boot.autoconfigure.jackson.JacksonAutoConfiguration$Jackson2ObjectMapperBuilderCustomizerConfiguration'
2025-05-26T23:54:17.941+05:30 DEBUG 22160 --- [hospital-booking-backend] [           main] o.s.b.f.s.DefaultListableBeanFactory     : Creating shared instance of singleton bean 'spring.jackson-org.springframework.boot.autoconfigure.jackson.JacksonProperties'
2025-05-26T23:54:17.945+05:30 DEBUG 22160 --- [hospital-booking-backend] [           main] o.s.b.f.s.DefaultListableBeanFactory     : Autowiring by type from bean name 'standardJacksonObjectMapperBuilderCustomizer' via factory method to bean named 'spring.jackson-org.springframework.boot.autoconfigure.jackson.JacksonProperties'
2025-05-26T23:54:17.945+05:30 DEBUG 22160 --- [hospital-booking-backend] [           main] o.s.b.f.s.DefaultListableBeanFactory     : Creating shared instance of singleton bean 'parameterNamesModule'
2025-05-26T23:54:17.945+05:30 DEBUG 22160 --- [hospital-booking-backend] [           main] o.s.b.f.s.DefaultListableBeanFactory     : Creating shared instance of singleton bean 'org.springframework.boot.autoconfigure.jackson.JacksonAutoConfiguration$ParameterNamesModuleConfiguration'
2025-05-26T23:54:17.952+05:30 DEBUG 22160 --- [hospital-booking-backend] [           main] o.s.b.f.s.DefaultListableBeanFactory     : Creating shared instance of singleton bean 'jsonMixinModule'
2025-05-26T23:54:17.952+05:30 DEBUG 22160 --- [hospital-booking-backend] [           main] o.s.b.f.s.DefaultListableBeanFactory     : Creating shared instance of singleton bean 'org.springframework.boot.autoconfigure.jackson.JacksonAutoConfiguration$JacksonMixinConfiguration'
2025-05-26T23:54:17.952+05:30 DEBUG 22160 --- [hospital-booking-backend] [           main] o.s.b.f.s.DefaultListableBeanFactory     : Creating shared instance of singleton bean 'jsonMixinModuleEntries'
2025-05-26T23:54:17.952+05:30 DEBUG 22160 --- [hospital-booking-backend] [           main] o.s.b.f.s.DefaultListableBeanFactory     : Autowiring by type from bean name 'jsonMixinModuleEntries' via factory method to bean named 'org.springframework.web.context.support.GenericWebApplicationContext@433e536f'
2025-05-26T23:54:17.961+05:30 DEBUG 22160 --- [hospital-booking-backend] [           main] o.s.b.f.s.DefaultListableBeanFactory     : Autowiring by type from bean name 'jsonMixinModule' via factory method to bean named 'org.springframework.web.context.support.GenericWebApplicationContext@433e536f'
2025-05-26T23:54:17.961+05:30 DEBUG 22160 --- [hospital-booking-backend] [           main] o.s.b.f.s.DefaultListableBeanFactory     : Autowiring by type from bean name 'jsonMixinModule' via factory method to bean named 'jsonMixinModuleEntries'
2025-05-26T23:54:17.961+05:30 DEBUG 22160 --- [hospital-booking-backend] [           main] o.s.b.f.s.DefaultListableBeanFactory     : Creating shared instance of singleton bean 'jsonComponentModule'
2025-05-26T23:54:17.961+05:30 DEBUG 22160 --- [hospital-booking-backend] [           main] o.s.b.f.s.DefaultListableBeanFactory     : Creating shared instance of singleton bean 'org.springframework.boot.autoconfigure.jackson.JacksonAutoConfiguration'
2025-05-26T23:54:17.961+05:30 DEBUG 22160 --- [hospital-booking-backend] [           main] o.s.b.f.s.DefaultListableBeanFactory     : Creating shared instance of singleton bean 'jacksonGeoModule'
2025-05-26T23:54:17.961+05:30 DEBUG 22160 --- [hospital-booking-backend] [           main] o.s.b.f.s.DefaultListableBeanFactory     : Creating shared instance of singleton bean 'org.springframework.data.web.config.SpringDataJacksonConfiguration'
2025-05-26T23:54:17.971+05:30 DEBUG 22160 --- [hospital-booking-backend] [           main] o.s.b.f.s.DefaultListableBeanFactory     : Creating shared instance of singleton bean 'springDataWebSettings'
[...]

   TaskExecutorConfigurations.SimpleAsyncTaskExecutorBuilderConfiguration#simpleAsyncTaskExecutorBuilderVirtualThreads:
      Did not match:
         - @ConditionalOnMissingBean (types: org.springframework.boot.task.SimpleAsyncTaskExecutorBuilder; SearchStrategy: all) found beans of type 'org.springframework.boot.task.SimpleAsyncTaskExecutorBuilder' simpleAsyncTaskExecutorBuilder (OnBeanCondition)

   TaskExecutorConfigurations.TaskExecutorConfiguration#applicationTaskExecutorVirtualThreads:
      Did not match:
         - @ConditionalOnThreading did not find VIRTUAL (OnThreadingCondition)

   TaskSchedulingAutoConfiguration#scheduledBeanLazyInitializationExcludeFilter:
      Did not match:
         - @ConditionalOnBean (names: org.springframework.context.annotation.internalScheduledAnnotationProcessor; SearchStrategy: all) did not find any beans named org.springframework.context.annotation.internalScheduledAnnotationProcessor (OnBeanCondition)

   TaskSchedulingConfigurations.SimpleAsyncTaskSchedulerBuilderConfiguration#simpleAsyncTaskSchedulerBuilderVirtualThreads:
      Did not match:
         - @ConditionalOnMissingBean (types: org.springframework.boot.task.SimpleAsyncTaskSchedulerBuilder; SearchStrategy: all) found beans of type 'org.springframework.boot.task.SimpleAsyncTaskSchedulerBuilder' simpleAsyncTaskSchedulerBuilder (OnBeanCondition)

   TaskSchedulingConfigurations.TaskSchedulerConfiguration:
      Did not match:
         - @ConditionalOnBean (names: org.springframework.context.annotation.internalScheduledAnnotationProcessor; SearchStrategy: all) did not find any beans named org.springframework.context.annotation.internalScheduledAnnotationProcessor (OnBeanCondition)

   ThymeleafAutoConfiguration:
      Did not match:
         - @ConditionalOnClass did not find required class 'org.thymeleaf.spring6.SpringTemplateEngine' (OnClassCondition)

   TransactionAutoConfiguration#transactionalOperator:
      Did not match:
         - @ConditionalOnSingleCandidate (types: org.springframework.transaction.ReactiveTransactionManager; SearchStrategy: all) did not find any beans (OnBeanCondition)

   TransactionAutoConfiguration.AspectJTransactionManagementConfiguration:
      Did not match:
         - @ConditionalOnBean (types: org.springframework.transaction.aspectj.AbstractTransactionAspect; SearchStrategy: all) did not find any beans of type org.springframework.transaction.aspectj.AbstractTransactionAspect (OnBeanCondition)

   TransactionAutoConfiguration.EnableTransactionManagementConfiguration.JdkDynamicAutoProxyConfiguration:
      Did not match:
         - @ConditionalOnProperty (spring.aop.proxy-target-class=false) did not find property 'proxy-target-class' (OnPropertyCondition)

   WebClientAutoConfiguration:
      Did not match:
         - @ConditionalOnClass did not find required class 'org.springframework.web.reactive.function.client.WebClient' (OnClassCondition)

   WebFluxAutoConfiguration:
      Did not match:
         - @ConditionalOnClass did not find required class 'org.springframework.web.reactive.config.WebFluxConfigurer' (OnClassCondition)

   WebMvcAutoConfiguration#hiddenHttpMethodFilter:
      Did not match:
         - @ConditionalOnProperty (spring.mvc.hiddenmethod.filter.enabled) did not find property 'enabled' (OnPropertyCondition)

   WebMvcAutoConfiguration.ProblemDetailsErrorHandlingConfiguration:
      Did not match:
         - @ConditionalOnProperty (spring.mvc.problemdetails.enabled=true) did not find property 'enabled' (OnPropertyCondition)

   WebMvcAutoConfiguration.ResourceChainCustomizerConfiguration:
      Did not match:
         - @ConditionalOnEnabledResourceChain did not find class org.webjars.WebJarVersionLocator (OnEnabledResourceChainCondition)

   WebMvcAutoConfiguration.WebMvcAutoConfigurationAdapter#beanNameViewResolver:
      Did not match:
         - @ConditionalOnMissingBean (types: org.springframework.web.servlet.view.BeanNameViewResolver; SearchStrategy: all) found beans of type 'org.springframework.web.servlet.view.BeanNameViewResolver' beanNameViewResolver (OnBeanCondition)

   WebServiceTemplateAutoConfiguration:
      Did not match:
         - @ConditionalOnClass did not find required class 'org.springframework.oxm.Marshaller' (OnClassCondition)

   WebServicesAutoConfiguration:
      Did not match:
         - @ConditionalOnClass did not find required class 'org.springframework.ws.transport.http.MessageDispatcherServlet' (OnClassCondition)

   WebSessionIdResolverAutoConfiguration:
      Did not match:
         - @ConditionalOnClass did not find required class 'reactor.core.publisher.Mono' (OnClassCondition)

   WebSocketMessagingAutoConfiguration:
      Did not match:
         - @ConditionalOnClass did not find required class 'org.springframework.web.socket.config.annotation.WebSocketMessageBrokerConfigurer' (OnClassCondition)

   WebSocketReactiveAutoConfiguration:
      Did not match:
         - @ConditionalOnWebApplication did not find reactive web application classes (OnWebApplicationCondition)

   WebSocketServletAutoConfiguration.JettyWebSocketConfiguration:
      Did not match:
         - @ConditionalOnClass did not find required class 'org.eclipse.jetty.ee10.websocket.jakarta.server.config.JakartaWebSocketServletContainerInitializer' (OnClassCondition)

   WebSocketServletAutoConfiguration.UndertowWebSocketConfiguration:
      Did not match:
         - @ConditionalOnClass did not find required class 'io.undertow.websockets.jsr.Bootstrap' (OnClassCondition)

   XADataSourceAutoConfiguration:
      Did not match:
         - @ConditionalOnBean (types: org.springframework.boot.jdbc.XADataSourceWrapper; SearchStrategy: all) did not find any beans of type org.springframework.boot.jdbc.XADataSourceWrapper (OnBeanCondition)
      Matched:
         - @ConditionalOnClass found required classes 'javax.sql.DataSource', 'jakarta.transaction.TransactionManager', 'org.springframework.jdbc.datasource.embedded.EmbeddedDatabaseType' (OnClassCondition)


Exclusions:
-----------

    None


Unconditional classes:
----------------------

    org.springframework.boot.autoconfigure.context.ConfigurationPropertiesAutoConfiguration

    org.springframework.boot.autoconfigure.ssl.SslAutoConfiguration

    org.springframework.boot.autoconfigure.context.PropertyPlaceholderAutoConfiguration

    org.springframework.boot.autoconfigure.context.LifecycleAutoConfiguration

    org.springframework.boot.autoconfigure.availability.ApplicationAvailabilityAutoConfiguration

    org.springframework.boot.autoconfigure.info.ProjectInfoAutoConfiguration



2025-05-26T23:54:18.750+05:30  INFO 22160 --- [hospital-booking-backend] [           main] b.HospitalBookingBackendApplicationTests : Started HospitalBookingBackendApplicationTests in 6.06 seconds (process running for 6.935)
2025-05-26T23:54:18.750+05:30 DEBUG 22160 --- [hospital-booking-backend] [           main] o.s.b.a.ApplicationAvailabilityBean      : Application availability state LivenessState changed to CORRECT
2025-05-26T23:54:18.757+05:30 DEBUG 22160 --- [hospital-booking-backend] [           main] tor$SharedEntityManagerInvocationHandler : Creating new EntityManager for shared EntityManager invocation
2025-05-26T23:54:18.846+05:30 DEBUG 22160 --- [hospital-booking-backend] [           main] org.hibernate.SQL                        : 
    select
        s1_0.id 
    from
        specialization s1_0 
    where
        upper(s1_0.specialization)=upper(?) 
    fetch
        first ? rows only
Hibernate: 
    select
        s1_0.id 
    from
        specialization s1_0 
    where
        upper(s1_0.specialization)=upper(?) 
    fetch
        first ? rows only
2025-05-26T23:54:18.864+05:30 DEBUG 22160 --- [hospital-booking-backend] [           main] tor$SharedEntityManagerInvocationHandler : Creating new EntityManager for shared EntityManager invocation
2025-05-26T23:54:18.864+05:30 DEBUG 22160 --- [hospital-booking-backend] [           main] org.hibernate.SQL                        : 
    select
        s1_0.id 
    from
        specialization s1_0 
    where
        upper(s1_0.specialization)=upper(?) 
    fetch
        first ? rows only
Hibernate: 
    select
        s1_0.id 
    from
        specialization s1_0 
    where
        upper(s1_0.specialization)=upper(?) 
    fetch
        first ? rows only
2025-05-26T23:54:18.866+05:30 DEBUG 22160 --- [hospital-booking-backend] [           main] tor$SharedEntityManagerInvocationHandler : Creating new EntityManager for shared EntityManager invocation
2025-05-26T23:54:18.866+05:30 DEBUG 22160 --- [hospital-booking-backend] [           main] org.hibernate.SQL                        : 
    select
        s1_0.id 
    from
        specialization s1_0 
    where
        upper(s1_0.specialization)=upper(?) 
    fetch
        first ? rows only
Hibernate: 
    select
        s1_0.id 
    from
        specialization s1_0 
    where
        upper(s1_0.specialization)=upper(?) 
    fetch
        first ? rows only
2025-05-26T23:54:18.866+05:30 DEBUG 22160 --- [hospital-booking-backend] [           main] tor$SharedEntityManagerInvocationHandler : Creating new EntityManager for shared EntityManager invocation
2025-05-26T23:54:18.866+05:30 DEBUG 22160 --- [hospital-booking-backend] [           main] org.hibernate.SQL                        : 
    select
        s1_0.id 
    from
        specialization s1_0 
    where
        upper(s1_0.specialization)=upper(?) 
    fetch
        first ? rows only
Hibernate: 
    select
        s1_0.id 
    from
        specialization s1_0 
    where
        upper(s1_0.specialization)=upper(?) 
    fetch
        first ? rows only
2025-05-26T23:54:18.866+05:30 DEBUG 22160 --- [hospital-booking-backend] [           main] tor$SharedEntityManagerInvocationHandler : Creating new EntityManager for shared EntityManager invocation
2025-05-26T23:54:18.866+05:30 DEBUG 22160 --- [hospital-booking-backend] [           main] org.hibernate.SQL                        : 
    select
        s1_0.id 
    from
        specialization s1_0 
    where
        upper(s1_0.specialization)=upper(?) 
    fetch
        first ? rows only
Hibernate: 
    select
        s1_0.id 
    from
        specialization s1_0 
    where
        upper(s1_0.specialization)=upper(?) 
    fetch
        first ? rows only
2025-05-26T23:54:18.866+05:30 DEBUG 22160 --- [hospital-booking-backend] [           main] tor$SharedEntityManagerInvocationHandler : Creating new EntityManager for shared EntityManager invocation
2025-05-26T23:54:18.866+05:30 DEBUG 22160 --- [hospital-booking-backend] [           main] org.hibernate.SQL                        : 
    select
        s1_0.id 
    from
        specialization s1_0 
    where
        upper(s1_0.specialization)=upper(?) 
    fetch
        first ? rows only
Hibernate: 
    select
        s1_0.id 
    from
        specialization s1_0 
    where
        upper(s1_0.specialization)=upper(?) 
    fetch
        first ? rows only
2025-05-26T23:54:18.866+05:30 DEBUG 22160 --- [hospital-booking-backend] [           main] tor$SharedEntityManagerInvocationHandler : Creating new EntityManager for shared EntityManager invocation
2025-05-26T23:54:18.866+05:30 DEBUG 22160 --- [hospital-booking-backend] [           main] org.hibernate.SQL                        : 
    select
        s1_0.id 
    from
        specialization s1_0 
    where
        upper(s1_0.specialization)=upper(?) 
    fetch
        first ? rows only
Hibernate: 
    select
        s1_0.id 
    from
        specialization s1_0 
    where
        upper(s1_0.specialization)=upper(?) 
    fetch
        first ? rows only
2025-05-26T23:54:18.866+05:30 DEBUG 22160 --- [hospital-booking-backend] [           main] tor$SharedEntityManagerInvocationHandler : Creating new EntityManager for shared EntityManager invocation
2025-05-26T23:54:18.866+05:30 DEBUG 22160 --- [hospital-booking-backend] [           main] org.hibernate.SQL                        : 
    select
        s1_0.id 
    from
        specialization s1_0 
    where
        upper(s1_0.specialization)=upper(?) 
    fetch
        first ? rows only
Hibernate: 
    select
        s1_0.id 
    from
        specialization s1_0 
    where
        upper(s1_0.specialization)=upper(?) 
    fetch
        first ? rows only
2025-05-26T23:54:18.866+05:30 DEBUG 22160 --- [hospital-booking-backend] [           main] o.s.boot.devtools.restart.Restarter      : Creating new Restarter for thread Thread[#1,main,5,main]
2025-05-26T23:54:18.866+05:30 DEBUG 22160 --- [hospital-booking-backend] [           main] o.s.b.a.ApplicationAvailabilityBean      : Application availability state ReadinessState changed to ACCEPTING_TRAFFIC
2025-05-26T23:54:18.875+05:30 DEBUG 22160 --- [hospital-booking-backend] [           main] org.springframework.test.context.cache   : Spring test ApplicationContext cache statistics: [DefaultContextCache@3a34d64a size = 1, maxSize = 32, parentContextCount = 0, hitCount = 0, missCount = 1, failureCount = 0]
2025-05-26T23:54:18.875+05:30 DEBUG 22160 --- [hospital-booking-backend] [           main] o.s.t.c.w.ServletTestExecutionListener   : Setting up MockHttpServletRequest, MockHttpServletResponse, ServletWebRequest, and RequestContextHolder for test class com.hospitalfinder.backend.HospitalBookingBackendApplicationTests
2025-05-26T23:54:18.885+05:30 DEBUG 22160 --- [hospital-booking-backend] [           main] DependencyInjectionTestExecutionListener : Performing dependency injection for test class com.hospitalfinder.backend.HospitalBookingBackendApplicationTests
2025-05-26T23:54:18.885+05:30 DEBUG 22160 --- [hospital-booking-backend] [           main] org.springframework.test.context.cache   : Spring test ApplicationContext cache statistics: [DefaultContextCache@3a34d64a size = 1, maxSize = 32, parentContextCount = 0, hitCount = 1, missCount = 1, failureCount = 0]
2025-05-26T23:54:18.885+05:30 DEBUG 22160 --- [hospital-booking-backend] [           main] org.springframework.test.context.cache   : Spring test ApplicationContext cache statistics: [DefaultContextCache@3a34d64a size = 1, maxSize = 32, parentContextCount = 0, hitCount = 2, missCount = 1, failureCount = 0]
2025-05-26T23:54:18.887+05:30 DEBUG 22160 --- [hospital-booking-backend] [           main] sContextBeforeModesTestExecutionListener : Before test method: class [HospitalBookingBackendApplicationTests], method [contextLoads], class annotated with @DirtiesContext [false] with mode [null], method annotated with @DirtiesContext [false] with mode [null]
2025-05-26T23:54:18.890+05:30 DEBUG 22160 --- [hospital-booking-backend] [           main] org.springframework.test.context.cache   : Spring test ApplicationContext cache statistics: [DefaultContextCache@3a34d64a size = 1, maxSize = 32, parentContextCount = 0, hitCount = 3, missCount = 1, failureCount = 0]
2025-05-26T23:54:18.890+05:30 DEBUG 22160 --- [hospital-booking-backend] [           main] org.springframework.test.context.cache   : Spring test ApplicationContext cache statistics: [DefaultContextCache@3a34d64a size = 1, maxSize = 32, parentContextCount = 0, hitCount = 4, missCount = 1, failureCount = 0]
2025-05-26T23:54:19.186+05:30 DEBUG 22160 --- [hospital-booking-backend] [           main] org.springframework.test.context.cache   : Spring test ApplicationContext cache statistics: [DefaultContextCache@3a34d64a size = 1, maxSize = 32, parentContextCount = 0, hitCount = 5, missCount = 1, failureCount = 0]
2025-05-26T23:54:19.186+05:30 DEBUG 22160 --- [hospital-booking-backend] [           main] org.springframework.test.context.cache   : Spring test ApplicationContext cache statistics: [DefaultContextCache@3a34d64a size = 1, maxSize = 32, parentContextCount = 0, hitCount = 6, missCount = 1, failureCount = 0]
2025-05-26T23:54:19.197+05:30 DEBUG 22160 --- [hospital-booking-backend] [           main] org.springframework.test.context.cache   : Spring test ApplicationContext cache statistics: [DefaultContextCache@3a34d64a size = 1, maxSize = 32, parentContextCount = 0, hitCount = 7, missCount = 1, failureCount = 0]
2025-05-26T23:54:19.197+05:30 DEBUG 22160 --- [hospital-booking-backend] [           main] org.springframework.test.context.cache   : Spring test ApplicationContext cache statistics: [DefaultContextCache@3a34d64a size = 1, maxSize = 32, parentContextCount = 0, hitCount = 8, missCount = 1, failureCount = 0]
2025-05-26T23:54:19.197+05:30 DEBUG 22160 --- [hospital-booking-backend] [           main] org.springframework.test.context.cache   : Spring test ApplicationContext cache statistics: [DefaultContextCache@3a34d64a size = 1, maxSize = 32, parentContextCount = 0, hitCount = 9, missCount = 1, failureCount = 0]
2025-05-26T23:54:19.197+05:30 DEBUG 22160 --- [hospital-booking-backend] [           main] org.springframework.test.context.cache   : Spring test ApplicationContext cache statistics: [DefaultContextCache@3a34d64a size = 1, maxSize = 32, parentContextCount = 0, hitCount = 10, missCount = 1, failureCount = 0]
2025-05-26T23:54:19.197+05:30 DEBUG 22160 --- [hospital-booking-backend] [           main] org.springframework.test.context.cache   : Spring test ApplicationContext cache statistics: [DefaultContextCache@3a34d64a size = 1, maxSize = 32, parentContextCount = 0, hitCount = 11, missCount = 1, failureCount = 0]
2025-05-26T23:54:19.197+05:30 DEBUG 22160 --- [hospital-booking-backend] [           main] org.springframework.test.context.cache   : Spring test ApplicationContext cache statistics: [DefaultContextCache@3a34d64a size = 1, maxSize = 32, parentContextCount = 0, hitCount = 12, missCount = 1, failureCount = 0]
2025-05-26T23:54:19.197+05:30 DEBUG 22160 --- [hospital-booking-backend] [           main] org.springframework.test.context.cache   : Spring test ApplicationContext cache statistics: [DefaultContextCache@3a34d64a size = 1, maxSize = 32, parentContextCount = 0, hitCount = 13, missCount = 1, failureCount = 0]
2025-05-26T23:54:19.197+05:30 DEBUG 22160 --- [hospital-booking-backend] [           main] org.springframework.test.context.cache   : Spring test ApplicationContext cache statistics: [DefaultContextCache@3a34d64a size = 1, maxSize = 32, parentContextCount = 0, hitCount = 14, missCount = 1, failureCount = 0]
2025-05-26T23:54:19.197+05:30 DEBUG 22160 --- [hospital-booking-backend] [           main] .c.s.DirtiesContextTestExecutionListener : After test method: class [HospitalBookingBackendApplicationTests], method [contextLoads], class annotated with @DirtiesContext [false] with mode [null], method annotated with @DirtiesContext [false] with mode [null]
2025-05-26T23:54:19.197+05:30 DEBUG 22160 --- [hospital-booking-backend] [           main] o.s.t.c.w.ServletTestExecutionListener   : Resetting RequestContextHolder for test class com.hospitalfinder.backend.HospitalBookingBackendApplicationTests
]]></system-out>
    <system-err><![CDATA[Mockito is currently self-attaching to enable the inline-mock-maker. This will no longer work in future releases of the JDK. Please add Mockito as an agent to your build what is described in Mockito's documentation: https://javadoc.io/doc/org.mockito/mockito-core/latest/org/mockito/Mockito.html#0.3
WARNING: A Java agent has been loaded dynamically (C:\Users\Asus\.m2\repository\net\bytebuddy\byte-buddy-agent\1.15.11\byte-buddy-agent-1.15.11.jar)
WARNING: If a serviceability tool is in use, please run with -XX:+EnableDynamicAgentLoading to hide this warning
WARNING: If a serviceability tool is not in use, please run with -Djdk.instrument.traceUsage for more information
WARNING: Dynamic loading of agents will be disallowed by default in a future release
]]></system-err>
  </testcase>
</testsuite>